SF:D:\github\rs\physdes-rs\src\algorithms.rs
FN:35,_RINvNtCsfTKb2dQLRng_7physdes10algorithms16point_in_polygonlEB4_
FN:104,_RINvNtCsfTKb2dQLRng_7physdes10algorithms16polygon_centroidlEB4_
FN:162,_RINvNtCsfTKb2dQLRng_7physdes10algorithms17polygon_perimeterlEB4_
FN:210,_RNvNtNtCsfTKb2dQLRng_7physdes10algorithms5testss_21test_point_in_polygon
FN:225,_RNvNtNtCsfTKb2dQLRng_7physdes10algorithms5testss_21test_polygon_centroid
FN:239,_RNvNtNtCsfTKb2dQLRng_7physdes10algorithms5testss_22test_polygon_perimeter
FNDA:3,_RINvNtCsfTKb2dQLRng_7physdes10algorithms16point_in_polygonlEB4_
FNDA:1,_RINvNtCsfTKb2dQLRng_7physdes10algorithms16polygon_centroidlEB4_
FNDA:1,_RINvNtCsfTKb2dQLRng_7physdes10algorithms17polygon_perimeterlEB4_
FNDA:1,_RNvNtNtCsfTKb2dQLRng_7physdes10algorithms5testss_21test_point_in_polygon
FNDA:1,_RNvNtNtCsfTKb2dQLRng_7physdes10algorithms5testss_21test_polygon_centroid
FNDA:1,_RNvNtNtCsfTKb2dQLRng_7physdes10algorithms5testss_22test_polygon_perimeter
FNF:6
FNH:6
DA:35,3
DA:36,3
DA:37,3
DA:38,3
DA:39,3
DA:40,3
DA:41,3
DA:42,3
DA:43,3
DA:44,3
DA:45,3
DA:46,3
DA:47,3
DA:49,3
DA:50,3
DA:52,3
DA:53,0
DA:54,3
DA:56,3
DA:57,3
DA:59,12
DA:60,12
DA:61,12
DA:62,12
DA:63,12
DA:65,12
DA:66,4
DA:68,12
DA:69,3
DA:70,9
DA:72,12
DA:75,3
DA:76,3
DA:104,1
DA:105,1
DA:106,1
DA:107,1
DA:108,1
DA:109,1
DA:110,1
DA:111,1
DA:112,1
DA:113,1
DA:114,1
DA:116,1
DA:117,1
DA:119,1
DA:120,0
DA:121,1
DA:123,1
DA:124,1
DA:126,3
DA:127,3
DA:128,3
DA:129,3
DA:131,1
DA:132,1
DA:133,1
DA:162,1
DA:163,1
DA:164,1
DA:165,1
DA:166,1
DA:167,1
DA:168,1
DA:169,1
DA:170,1
DA:171,1
DA:172,1
DA:174,1
DA:175,1
DA:177,1
DA:178,0
DA:179,1
DA:181,1
DA:183,4
DA:184,4
DA:185,4
DA:187,4
DA:188,1
DA:190,3
DA:193,4
DA:194,1
DA:196,3
DA:199,4
DA:202,1
DA:203,1
DA:210,1
DA:211,1
DA:212,1
DA:213,1
DA:214,1
DA:215,1
DA:217,1
DA:219,1
DA:220,1
DA:221,1
DA:222,1
DA:225,1
DA:226,1
DA:227,1
DA:228,1
DA:229,1
DA:231,1
DA:233,1
DA:234,1
DA:235,1
DA:236,1
DA:239,1
DA:240,1
DA:241,1
DA:242,1
DA:243,1
DA:244,1
DA:246,1
DA:248,1
DA:249,1
DA:250,1
BRF:0
BRH:0
LF:118
LH:115
end_of_record
SF:D:\github\rs\physdes-rs\src\dllink.rs
FN:51,_RNvMNtCsfTKb2dQLRng_7physdes6dllinkINtB2_6DllinkjE10new_linkedB4_
FN:63,_RNvMNtCsfTKb2dQLRng_7physdes6dllinkINtB2_6DllinkjE4lockB4_
FN:78,_RNvMNtCsfTKb2dQLRng_7physdes6dllinkINtB2_6DllinkjE6detachB4_
FN:70,_RNvMNtCsfTKb2dQLRng_7physdes6dllinkINtB2_6DllinkjE9is_lockedB4_
FN:51,_RNvMNtCsfTKb2dQLRng_7physdes6dllinkINtB2_6DllinklE10new_linkedB4_
FN:63,_RNvMNtCsfTKb2dQLRng_7physdes6dllinkINtB2_6DllinklE4lockB4_
FN:78,_RNvMNtCsfTKb2dQLRng_7physdes6dllinkINtB2_6DllinklE6detachB4_
FN:70,_RNvMNtCsfTKb2dQLRng_7physdes6dllinkINtB2_6DllinklE9is_lockedB4_
FN:40,_RNvMNtCsfTKb2dQLRng_7physdes6dllinkINtB2_6DllinkpE3newB4_
FN:118,_RNvNtNtCsfTKb2dQLRng_7physdes6dllink5testss_11test_detach
FN:95,_RNvNtNtCsfTKb2dQLRng_7physdes6dllink5testss_15test_new_locked
FN:102,_RNvNtNtCsfTKb2dQLRng_7physdes6dllink5testss_16test_lock_unlock
FN:147,_RNvNtNtCsfTKb2dQLRng_7physdes6dllink5testss_25test_detach_locked_panics
FNDA:132,_RNvMNtCsfTKb2dQLRng_7physdes6dllinkINtB2_6DllinkjE10new_linkedB4_
FNDA:2,_RNvMNtCsfTKb2dQLRng_7physdes6dllinkINtB2_6DllinkjE4lockB4_
FNDA:2,_RNvMNtCsfTKb2dQLRng_7physdes6dllinkINtB2_6DllinkjE6detachB4_
FNDA:4,_RNvMNtCsfTKb2dQLRng_7physdes6dllinkINtB2_6DllinkjE9is_lockedB4_
FNDA:7,_RNvMNtCsfTKb2dQLRng_7physdes6dllinkINtB2_6DllinklE10new_linkedB4_
FNDA:2,_RNvMNtCsfTKb2dQLRng_7physdes6dllinkINtB2_6DllinklE4lockB4_
FNDA:2,_RNvMNtCsfTKb2dQLRng_7physdes6dllinkINtB2_6DllinklE6detachB4_
FNDA:7,_RNvMNtCsfTKb2dQLRng_7physdes6dllinkINtB2_6DllinklE9is_lockedB4_
FNDA:0,_RNvMNtCsfTKb2dQLRng_7physdes6dllinkINtB2_6DllinkpE3newB4_
FNDA:1,_RNvNtNtCsfTKb2dQLRng_7physdes6dllink5testss_11test_detach
FNDA:1,_RNvNtNtCsfTKb2dQLRng_7physdes6dllink5testss_15test_new_locked
FNDA:1,_RNvNtNtCsfTKb2dQLRng_7physdes6dllink5testss_16test_lock_unlock
FNDA:1,_RNvNtNtCsfTKb2dQLRng_7physdes6dllink5testss_25test_detach_locked_panics
FNF:9
FNH:8
DA:40,0
DA:41,0
DA:42,0
DA:43,0
DA:44,0
DA:45,0
DA:46,0
DA:47,0
DA:51,139
DA:52,139
DA:53,139
DA:54,139
DA:55,139
DA:56,139
DA:57,139
DA:58,139
DA:63,4
DA:64,4
DA:65,4
DA:66,4
DA:70,11
DA:71,11
DA:72,11
DA:78,4
DA:79,4
DA:80,3
DA:81,3
DA:82,3
DA:83,3
DA:84,3
DA:85,3
DA:86,3
DA:87,3
DA:95,1
DA:96,1
DA:97,1
DA:98,1
DA:99,1
DA:102,1
DA:103,1
DA:104,1
DA:107,1
DA:108,1
DA:110,1
DA:111,1
DA:113,1
DA:114,1
DA:115,1
DA:118,1
DA:119,1
DA:120,1
DA:121,1
DA:124,1
DA:125,1
DA:126,1
DA:128,1
DA:129,1
DA:130,1
DA:131,1
DA:132,1
DA:133,1
DA:136,1
DA:137,1
DA:140,1
DA:142,1
DA:143,1
DA:147,1
DA:148,1
DA:149,1
DA:150,1
BRF:0
BRH:0
LF:70
LH:62
end_of_record
SF:D:\github\rs\physdes-rs\src\dme_algorithm.rs
FN:385,_RNCNvMs4_NtCsfTKb2dQLRng_7physdes13dme_algorithmNtB7_12DMEAlgorithm10embed_node0B9_
FN:270,_RNCNvMs4_NtCsfTKb2dQLRng_7physdes13dme_algorithmNtB7_12DMEAlgorithm16build_clock_tree0B9_
FN:296,_RNCNvMs4_NtCsfTKb2dQLRng_7physdes13dme_algorithmNtB7_12DMEAlgorithm18build_merging_tree0B9_
FN:298,_RNCNvMs4_NtCsfTKb2dQLRng_7physdes13dme_algorithmNtB7_12DMEAlgorithm18build_merging_trees_0B9_
FN:24,_RNvMNtCsfTKb2dQLRng_7physdes13dme_algorithmNtB2_4Sink3new
FN:87,_RNvMs0_NtCsfTKb2dQLRng_7physdes13dme_algorithmNtB5_21LinearDelayCalculator3new
FN:146,_RNvMs2_NtCsfTKb2dQLRng_7physdes13dme_algorithmNtB5_21ElmoreDelayCalculator3new
FN:369,_RNvMs4_NtCsfTKb2dQLRng_7physdes13dme_algorithmNtB5_12DMEAlgorithm10embed_node
FN:429,_RNvMs4_NtCsfTKb2dQLRng_7physdes13dme_algorithmNtB5_12DMEAlgorithm12analyze_skew
FN:405,_RNvMs4_NtCsfTKb2dQLRng_7physdes13dme_algorithmNtB5_12DMEAlgorithm14compute_delays
FN:266,_RNvMs4_NtCsfTKb2dQLRng_7physdes13dme_algorithmNtB5_12DMEAlgorithm16build_clock_tree
FN:285,_RNvMs4_NtCsfTKb2dQLRng_7physdes13dme_algorithmNtB5_12DMEAlgorithm18build_merging_tree
FN:323,_RNvMs4_NtCsfTKb2dQLRng_7physdes13dme_algorithmNtB5_12DMEAlgorithm23compute_merging_segment
FN:256,_RNvMs4_NtCsfTKb2dQLRng_7physdes13dme_algorithmNtB5_12DMEAlgorithm3new
FN:48,_RNvMs_NtCsfTKb2dQLRng_7physdes13dme_algorithmNtB4_8TreeNode3new
FN:62,_RNvMs_NtCsfTKb2dQLRng_7physdes13dme_algorithmNtB4_8TreeNode7is_leaf
FN:502,_RNvNtCsfTKb2dQLRng_7physdes13dme_algorithm13traverse_tree
FN:472,_RNvNtCsfTKb2dQLRng_7physdes13dme_algorithm16total_wirelength
FN:458,_RNvNtCsfTKb2dQLRng_7physdes13dme_algorithm19collect_sink_delays
FN:486,_RNvNtCsfTKb2dQLRng_7physdes13dme_algorithm19get_tree_statistics
FN:96,_RNvXs1_NtCsfTKb2dQLRng_7physdes13dme_algorithmNtB5_21LinearDelayCalculatorNtB5_15DelayCalculator20calculate_wire_delay
FN:108,_RNvXs1_NtCsfTKb2dQLRng_7physdes13dme_algorithmNtB5_21LinearDelayCalculatorNtB5_15DelayCalculator23calculate_tapping_point
FN:104,_RNvXs1_NtCsfTKb2dQLRng_7physdes13dme_algorithmNtB5_21LinearDelayCalculatorNtB5_15DelayCalculator26calculate_wire_capacitance
FN:100,_RNvXs1_NtCsfTKb2dQLRng_7physdes13dme_algorithmNtB5_21LinearDelayCalculatorNtB5_15DelayCalculator29calculate_wire_delay_per_unit
FN:155,_RNvXs3_NtCsfTKb2dQLRng_7physdes13dme_algorithmNtB5_21ElmoreDelayCalculatorNtB5_15DelayCalculator20calculate_wire_delay
FN:169,_RNvXs3_NtCsfTKb2dQLRng_7physdes13dme_algorithmNtB5_21ElmoreDelayCalculatorNtB5_15DelayCalculator23calculate_tapping_point
FN:165,_RNvXs3_NtCsfTKb2dQLRng_7physdes13dme_algorithmNtB5_21ElmoreDelayCalculatorNtB5_15DelayCalculator26calculate_wire_capacitance
FN:161,_RNvXs3_NtCsfTKb2dQLRng_7physdes13dme_algorithmNtB5_21ElmoreDelayCalculatorNtB5_15DelayCalculator29calculate_wire_delay_per_unit
FNDA:0,_RNCNvMs4_NtCsfTKb2dQLRng_7physdes13dme_algorithmNtB7_12DMEAlgorithm10embed_node0B9_
FNDA:0,_RNCNvMs4_NtCsfTKb2dQLRng_7physdes13dme_algorithmNtB7_12DMEAlgorithm16build_clock_tree0B9_
FNDA:0,_RNCNvMs4_NtCsfTKb2dQLRng_7physdes13dme_algorithmNtB7_12DMEAlgorithm18build_merging_tree0B9_
FNDA:0,_RNCNvMs4_NtCsfTKb2dQLRng_7physdes13dme_algorithmNtB7_12DMEAlgorithm18build_merging_trees_0B9_
FNDA:0,_RNvMNtCsfTKb2dQLRng_7physdes13dme_algorithmNtB2_4Sink3new
FNDA:0,_RNvMs0_NtCsfTKb2dQLRng_7physdes13dme_algorithmNtB5_21LinearDelayCalculator3new
FNDA:0,_RNvMs2_NtCsfTKb2dQLRng_7physdes13dme_algorithmNtB5_21ElmoreDelayCalculator3new
FNDA:0,_RNvMs4_NtCsfTKb2dQLRng_7physdes13dme_algorithmNtB5_12DMEAlgorithm10embed_node
FNDA:0,_RNvMs4_NtCsfTKb2dQLRng_7physdes13dme_algorithmNtB5_12DMEAlgorithm12analyze_skew
FNDA:0,_RNvMs4_NtCsfTKb2dQLRng_7physdes13dme_algorithmNtB5_12DMEAlgorithm14compute_delays
FNDA:0,_RNvMs4_NtCsfTKb2dQLRng_7physdes13dme_algorithmNtB5_12DMEAlgorithm16build_clock_tree
FNDA:0,_RNvMs4_NtCsfTKb2dQLRng_7physdes13dme_algorithmNtB5_12DMEAlgorithm18build_merging_tree
FNDA:0,_RNvMs4_NtCsfTKb2dQLRng_7physdes13dme_algorithmNtB5_12DMEAlgorithm23compute_merging_segment
FNDA:0,_RNvMs4_NtCsfTKb2dQLRng_7physdes13dme_algorithmNtB5_12DMEAlgorithm3new
FNDA:0,_RNvMs_NtCsfTKb2dQLRng_7physdes13dme_algorithmNtB4_8TreeNode3new
FNDA:0,_RNvMs_NtCsfTKb2dQLRng_7physdes13dme_algorithmNtB4_8TreeNode7is_leaf
FNDA:0,_RNvNtCsfTKb2dQLRng_7physdes13dme_algorithm13traverse_tree
FNDA:0,_RNvNtCsfTKb2dQLRng_7physdes13dme_algorithm16total_wirelength
FNDA:0,_RNvNtCsfTKb2dQLRng_7physdes13dme_algorithm19collect_sink_delays
FNDA:0,_RNvNtCsfTKb2dQLRng_7physdes13dme_algorithm19get_tree_statistics
FNDA:0,_RNvXs1_NtCsfTKb2dQLRng_7physdes13dme_algorithmNtB5_21LinearDelayCalculatorNtB5_15DelayCalculator20calculate_wire_delay
FNDA:0,_RNvXs1_NtCsfTKb2dQLRng_7physdes13dme_algorithmNtB5_21LinearDelayCalculatorNtB5_15DelayCalculator23calculate_tapping_point
FNDA:0,_RNvXs1_NtCsfTKb2dQLRng_7physdes13dme_algorithmNtB5_21LinearDelayCalculatorNtB5_15DelayCalculator26calculate_wire_capacitance
FNDA:0,_RNvXs1_NtCsfTKb2dQLRng_7physdes13dme_algorithmNtB5_21LinearDelayCalculatorNtB5_15DelayCalculator29calculate_wire_delay_per_unit
FNDA:0,_RNvXs3_NtCsfTKb2dQLRng_7physdes13dme_algorithmNtB5_21ElmoreDelayCalculatorNtB5_15DelayCalculator20calculate_wire_delay
FNDA:0,_RNvXs3_NtCsfTKb2dQLRng_7physdes13dme_algorithmNtB5_21ElmoreDelayCalculatorNtB5_15DelayCalculator23calculate_tapping_point
FNDA:0,_RNvXs3_NtCsfTKb2dQLRng_7physdes13dme_algorithmNtB5_21ElmoreDelayCalculatorNtB5_15DelayCalculator26calculate_wire_capacitance
FNDA:0,_RNvXs3_NtCsfTKb2dQLRng_7physdes13dme_algorithmNtB5_21ElmoreDelayCalculatorNtB5_15DelayCalculator29calculate_wire_delay_per_unit
FNF:28
FNH:0
DA:24,0
DA:25,0
DA:26,0
DA:27,0
DA:28,0
DA:29,0
DA:30,0
DA:48,0
DA:49,0
DA:50,0
DA:51,0
DA:52,0
DA:53,0
DA:54,0
DA:55,0
DA:56,0
DA:57,0
DA:58,0
DA:59,0
DA:60,0
DA:62,0
DA:63,0
DA:64,0
DA:87,0
DA:88,0
DA:89,0
DA:90,0
DA:91,0
DA:92,0
DA:96,0
DA:97,0
DA:98,0
DA:100,0
DA:101,0
DA:102,0
DA:104,0
DA:105,0
DA:106,0
DA:108,0
DA:109,0
DA:110,0
DA:111,0
DA:112,0
DA:113,0
DA:114,0
DA:115,0
DA:116,0
DA:118,0
DA:119,0
DA:121,0
DA:122,0
DA:123,0
DA:124,0
DA:125,0
DA:126,0
DA:127,0
DA:128,0
DA:129,0
DA:130,0
DA:132,0
DA:135,0
DA:136,0
DA:146,0
DA:147,0
DA:148,0
DA:149,0
DA:150,0
DA:151,0
DA:155,0
DA:156,0
DA:157,0
DA:158,0
DA:159,0
DA:161,0
DA:162,0
DA:163,0
DA:165,0
DA:166,0
DA:167,0
DA:169,0
DA:170,0
DA:171,0
DA:172,0
DA:173,0
DA:174,0
DA:175,0
DA:176,0
DA:177,0
DA:179,0
DA:180,0
DA:182,0
DA:183,0
DA:184,0
DA:185,0
DA:187,0
DA:188,0
DA:190,0
DA:191,0
DA:192,0
DA:193,0
DA:194,0
DA:195,0
DA:196,0
DA:197,0
DA:198,0
DA:199,0
DA:201,0
DA:204,0
DA:205,0
DA:256,0
DA:257,0
DA:258,0
DA:259,0
DA:260,0
DA:261,0
DA:262,0
DA:263,0
DA:266,0
DA:267,0
DA:268,0
DA:269,0
DA:270,0
DA:271,0
DA:272,0
DA:273,0
DA:274,0
DA:275,0
DA:277,0
DA:278,0
DA:279,0
DA:280,0
DA:281,0
DA:282,0
DA:283,0
DA:285,0
DA:286,0
DA:287,0
DA:288,0
DA:289,0
DA:290,0
DA:291,0
DA:292,0
DA:294,0
DA:295,0
DA:296,0
DA:298,0
DA:301,0
DA:302,0
DA:303,0
DA:305,0
DA:306,0
DA:308,0
DA:309,0
DA:310,0
DA:311,0
DA:312,0
DA:313,0
DA:314,0
DA:315,0
DA:316,0
DA:317,0
DA:318,0
DA:320,0
DA:321,0
DA:323,0
DA:324,0
DA:325,0
DA:326,0
DA:327,0
DA:328,0
DA:329,0
DA:331,0
DA:332,0
DA:333,0
DA:334,0
DA:335,0
DA:336,0
DA:338,0
DA:339,0
DA:340,0
DA:342,0
DA:343,0
DA:344,0
DA:345,0
DA:347,0
DA:348,0
DA:350,0
DA:352,0
DA:353,0
DA:354,0
DA:355,0
DA:356,0
DA:357,0
DA:359,0
DA:360,0
DA:362,0
DA:363,0
DA:364,0
DA:366,0
DA:367,0
DA:369,0
DA:370,0
DA:371,0
DA:372,0
DA:373,0
DA:374,0
DA:375,0
DA:376,0
DA:377,0
DA:378,0
DA:380,0
DA:381,0
DA:382,0
DA:383,0
DA:384,0
DA:385,0
DA:386,0
DA:387,0
DA:388,0
DA:389,0
DA:390,0
DA:391,0
DA:394,0
DA:395,0
DA:397,0
DA:398,0
DA:399,0
DA:400,0
DA:401,0
DA:402,0
DA:403,0
DA:405,0
DA:406,0
DA:407,0
DA:408,0
DA:409,0
DA:410,0
DA:411,0
DA:412,0
DA:413,0
DA:414,0
DA:416,0
DA:417,0
DA:418,0
DA:420,0
DA:421,0
DA:422,0
DA:423,0
DA:424,0
DA:425,0
DA:426,0
DA:429,0
DA:430,0
DA:431,0
DA:433,0
DA:434,0
DA:435,0
DA:437,0
DA:438,0
DA:439,0
DA:440,0
DA:441,0
DA:442,0
DA:443,0
DA:445,0
DA:447,0
DA:448,0
DA:449,0
DA:450,0
DA:451,0
DA:452,0
DA:453,0
DA:454,0
DA:455,0
DA:458,0
DA:459,0
DA:460,0
DA:461,0
DA:462,0
DA:463,0
DA:464,0
DA:465,0
DA:466,0
DA:467,0
DA:468,0
DA:469,0
DA:470,0
DA:472,0
DA:473,0
DA:474,0
DA:475,0
DA:476,0
DA:477,0
DA:478,0
DA:479,0
DA:480,0
DA:481,0
DA:482,0
DA:483,0
DA:486,0
DA:487,0
DA:488,0
DA:489,0
DA:490,0
DA:491,0
DA:492,0
DA:493,0
DA:494,0
DA:495,0
DA:496,0
DA:497,0
DA:498,0
DA:499,0
DA:500,0
DA:502,0
DA:503,0
DA:504,0
DA:505,0
DA:506,0
DA:507,0
DA:508,0
DA:509,0
DA:510,0
DA:511,0
DA:512,0
DA:514,0
DA:516,0
DA:517,0
DA:520,0
DA:521,0
DA:522,0
DA:524,0
DA:525,0
DA:526,0
DA:527,0
DA:528,0
DA:529,0
DA:530,0
DA:531,0
DA:532,0
DA:533,0
DA:535,0
DA:536,0
DA:537,0
DA:539,0
DA:540,0
DA:541,0
DA:542,0
DA:543,0
DA:544,0
DA:545,0
BRF:0
BRH:0
LF:355
LH:0
end_of_record
SF:D:\github\rs\physdes-rs\src\error.rs
FN:66,_RNvNtNtCsfTKb2dQLRng_7physdes5error5testss_18test_error_display
FN:30,_RNvXNtCsfTKb2dQLRng_7physdes5errorNtB2_9GeomErrorNtNtCs4TwWhthMkYr_4core3fmt7Display3fmt
FNDA:1,_RNvNtNtCsfTKb2dQLRng_7physdes5error5testss_18test_error_display
FNDA:4,_RNvXNtCsfTKb2dQLRng_7physdes5errorNtB2_9GeomErrorNtNtCs4TwWhthMkYr_4core3fmt7Display3fmt
FNF:2
FNH:2
DA:30,4
DA:31,4
DA:32,1
DA:33,1
DA:34,1
DA:35,1
DA:41,1
DA:43,1
DA:44,1
DA:45,1
DA:50,0
DA:51,0
DA:53,4
DA:66,1
DA:67,1
DA:68,1
DA:70,1
DA:71,1
DA:72,1
DA:73,1
DA:74,1
DA:75,1
DA:79,1
DA:80,1
DA:82,1
DA:83,1
DA:84,1
DA:87,1
BRF:0
BRH:0
LF:28
LH:26
end_of_record
SF:D:\github\rs\physdes-rs\src\generic.rs
FN:240,_RNvNtNtCsfTKb2dQLRng_7physdes7generic5testss_12test_contain
FN:234,_RNvNtNtCsfTKb2dQLRng_7physdes7generic5testss_12test_overlap
FN:253,_RNvNtNtCsfTKb2dQLRng_7physdes7generic5testss_13test_displace
FN:246,_RNvNtNtCsfTKb2dQLRng_7physdes7generic5testss_13test_min_dist
FN:53,_RNvXNtCsfTKb2dQLRng_7physdes7genericlINtB2_7OverlaplE8overlapsB4_
FN:170,_RNvXs0_NtCsfTKb2dQLRng_7physdes7genericlINtB5_7MinDistlE13min_dist_withB7_
FN:224,_RNvXs1_NtCsfTKb2dQLRng_7physdes7genericlINtB5_12DisplacementlE8displaceB7_
FN:111,_RNvXs_NtCsfTKb2dQLRng_7physdes7genericlINtB4_7ContainlE8containsB6_
FNDA:1,_RNvNtNtCsfTKb2dQLRng_7physdes7generic5testss_12test_contain
FNDA:1,_RNvNtNtCsfTKb2dQLRng_7physdes7generic5testss_12test_overlap
FNDA:1,_RNvNtNtCsfTKb2dQLRng_7physdes7generic5testss_13test_displace
FNDA:1,_RNvNtNtCsfTKb2dQLRng_7physdes7generic5testss_13test_min_dist
FNDA:4,_RNvXNtCsfTKb2dQLRng_7physdes7genericlINtB2_7OverlaplE8overlapsB4_
FNDA:15,_RNvXs0_NtCsfTKb2dQLRng_7physdes7genericlINtB5_7MinDistlE13min_dist_withB7_
FNDA:28,_RNvXs1_NtCsfTKb2dQLRng_7physdes7genericlINtB5_12DisplacementlE8displaceB7_
FNDA:4,_RNvXs_NtCsfTKb2dQLRng_7physdes7genericlINtB4_7ContainlE8containsB6_
FNF:8
FNH:8
DA:53,4
DA:54,4
DA:55,4
DA:111,4
DA:112,4
DA:113,4
DA:170,15
DA:171,15
DA:172,15
DA:224,28
DA:225,28
DA:226,28
DA:234,1
DA:235,1
DA:236,1
DA:237,1
DA:240,1
DA:241,1
DA:242,1
DA:243,1
DA:246,1
DA:247,1
DA:248,1
DA:249,1
DA:250,1
DA:253,1
DA:254,1
DA:255,1
DA:256,1
DA:257,1
BRF:0
BRH:0
LF:30
LH:30
end_of_record
SF:D:\github\rs\physdes-rs\src\global_router.rs
FN:372,_RNCNvMs0_NtCsfTKb2dQLRng_7physdes13global_routerNtB7_17GlobalRoutingTree13remap_indices0B9_
FN:285,_RNCNvMs0_NtCsfTKb2dQLRng_7physdes13global_routerNtB7_17GlobalRoutingTree17get_all_terminals0B9_
FN:205,_RNCNvMs0_NtCsfTKb2dQLRng_7physdes13global_routerNtB7_17GlobalRoutingTree21__insert_terminal_impl0B9_
FN:292,_RNCNvMs0_NtCsfTKb2dQLRng_7physdes13global_routerNtB7_17GlobalRoutingTree21get_all_steiner_nodes0B9_
FN:330,_RNCNvMs0_NtCsfTKb2dQLRng_7physdes13global_routerNtB7_17GlobalRoutingTree23optimize_steiner_points0B9_
FN:340,_RNCNvMs0_NtCsfTKb2dQLRng_7physdes13global_routerNtB7_17GlobalRoutingTree23optimize_steiner_pointss0_0B9_
FN:346,_RNCNvMs0_NtCsfTKb2dQLRng_7physdes13global_routerNtB7_17GlobalRoutingTree23optimize_steiner_pointss1_0B9_
FN:394,_RNCNvMs1_NtCsfTKb2dQLRng_7physdes13global_routerNtB7_12GlobalRouter3new0B9_
FN:91,_RNvMs0_NtCsfTKb2dQLRng_7physdes13global_routerNtB5_17GlobalRoutingTree10get_source
FN:351,_RNvMs0_NtCsfTKb2dQLRng_7physdes13global_routerNtB5_17GlobalRoutingTree13remap_indices
FN:95,_RNvMs0_NtCsfTKb2dQLRng_7physdes13global_routerNtB5_17GlobalRoutingTree14get_source_mut
FN:315,_RNvMs0_NtCsfTKb2dQLRng_7physdes13global_routerNtB5_17GlobalRoutingTree14visualize_tree
FN:282,_RNvMs0_NtCsfTKb2dQLRng_7physdes13global_routerNtB5_17GlobalRoutingTree17get_all_terminals
FN:106,_RNvMs0_NtCsfTKb2dQLRng_7physdes13global_routerNtB5_17GlobalRoutingTree18__find_nearest_node
FN:296,_RNvMs0_NtCsfTKb2dQLRng_7physdes13global_routerNtB5_17GlobalRoutingTree18get_tree_structure
FN:268,_RNvMs0_NtCsfTKb2dQLRng_7physdes13global_routerNtB5_17GlobalRoutingTree19find_path_to_source
FN:127,_RNvMs0_NtCsfTKb2dQLRng_7physdes13global_routerNtB5_17GlobalRoutingTree19insert_steiner_node
FN:145,_RNvMs0_NtCsfTKb2dQLRng_7physdes13global_routerNtB5_17GlobalRoutingTree20insert_terminal_node
FN:174,_RNvMs0_NtCsfTKb2dQLRng_7physdes13global_routerNtB5_17GlobalRoutingTree21__insert_terminal_impl
FN:289,_RNvMs0_NtCsfTKb2dQLRng_7physdes13global_routerNtB5_17GlobalRoutingTree21get_all_steiner_nodes
FN:325,_RNvMs0_NtCsfTKb2dQLRng_7physdes13global_routerNtB5_17GlobalRoutingTree23optimize_steiner_points
FN:244,_RNvMs0_NtCsfTKb2dQLRng_7physdes13global_routerNtB5_17GlobalRoutingTree26calculate_total_wirelength
FN:254,_RNvMs0_NtCsfTKb2dQLRng_7physdes13global_routerNtB5_17GlobalRoutingTree26calculate_worst_wirelength
FN:227,_RNvMs0_NtCsfTKb2dQLRng_7physdes13global_routerNtB5_17GlobalRoutingTree28insert_terminal_with_steiner
FN:235,_RNvMs0_NtCsfTKb2dQLRng_7physdes13global_routerNtB5_17GlobalRoutingTree32insert_terminal_with_constraints
FN:75,_RNvMs0_NtCsfTKb2dQLRng_7physdes13global_routerNtB5_17GlobalRoutingTree3new
FN:163,_RNvMs0_NtCsfTKb2dQLRng_7physdes13global_routerNtB5_17GlobalRoutingTree40__find_nearest_insertion_with_constraints
FN:99,_RNvMs0_NtCsfTKb2dQLRng_7physdes13global_routerNtB5_17GlobalRoutingTree8add_node
FN:414,_RNvMs1_NtCsfTKb2dQLRng_7physdes13global_routerNtB5_12GlobalRouter12route_simple
FN:420,_RNvMs1_NtCsfTKb2dQLRng_7physdes13global_routerNtB5_12GlobalRouter19route_with_steiners
FN:428,_RNvMs1_NtCsfTKb2dQLRng_7physdes13global_routerNtB5_12GlobalRouter22route_with_constraints
FN:388,_RNvMs1_NtCsfTKb2dQLRng_7physdes13global_routerNtB5_12GlobalRouter3new
FN:437,_RNvMs1_NtCsfTKb2dQLRng_7physdes13global_routerNtB5_12GlobalRouter8get_tree
FN:59,_RNvMs_NtCsfTKb2dQLRng_7physdes13global_routerNtB4_11RoutingNode18manhattan_distance
FN:46,_RNvMs_NtCsfTKb2dQLRng_7physdes13global_routerNtB4_11RoutingNode3new
FN:297,_RNvNvMs0_NtCsfTKb2dQLRng_7physdes13global_routerNtB7_17GlobalRoutingTree18get_tree_structure8fmt_node
FN:255,_RNvNvMs0_NtCsfTKb2dQLRng_7physdes13global_routerNtB7_17GlobalRoutingTree26calculate_worst_wirelength8traverse
FN:23,_RNvXNtCsfTKb2dQLRng_7physdes13global_routerNtB2_8NodeTypeNtNtCs4TwWhthMkYr_4core3fmt7Display3fmt
FNDA:0,_RNCNvMs0_NtCsfTKb2dQLRng_7physdes13global_routerNtB7_17GlobalRoutingTree13remap_indices0B9_
FNDA:0,_RNCNvMs0_NtCsfTKb2dQLRng_7physdes13global_routerNtB7_17GlobalRoutingTree17get_all_terminals0B9_
FNDA:0,_RNCNvMs0_NtCsfTKb2dQLRng_7physdes13global_routerNtB7_17GlobalRoutingTree21__insert_terminal_impl0B9_
FNDA:0,_RNCNvMs0_NtCsfTKb2dQLRng_7physdes13global_routerNtB7_17GlobalRoutingTree21get_all_steiner_nodes0B9_
FNDA:0,_RNCNvMs0_NtCsfTKb2dQLRng_7physdes13global_routerNtB7_17GlobalRoutingTree23optimize_steiner_points0B9_
FNDA:0,_RNCNvMs0_NtCsfTKb2dQLRng_7physdes13global_routerNtB7_17GlobalRoutingTree23optimize_steiner_pointss0_0B9_
FNDA:0,_RNCNvMs0_NtCsfTKb2dQLRng_7physdes13global_routerNtB7_17GlobalRoutingTree23optimize_steiner_pointss1_0B9_
FNDA:0,_RNCNvMs1_NtCsfTKb2dQLRng_7physdes13global_routerNtB7_12GlobalRouter3new0B9_
FNDA:0,_RNvMs0_NtCsfTKb2dQLRng_7physdes13global_routerNtB5_17GlobalRoutingTree10get_source
FNDA:0,_RNvMs0_NtCsfTKb2dQLRng_7physdes13global_routerNtB5_17GlobalRoutingTree13remap_indices
FNDA:0,_RNvMs0_NtCsfTKb2dQLRng_7physdes13global_routerNtB5_17GlobalRoutingTree14get_source_mut
FNDA:0,_RNvMs0_NtCsfTKb2dQLRng_7physdes13global_routerNtB5_17GlobalRoutingTree14visualize_tree
FNDA:0,_RNvMs0_NtCsfTKb2dQLRng_7physdes13global_routerNtB5_17GlobalRoutingTree17get_all_terminals
FNDA:0,_RNvMs0_NtCsfTKb2dQLRng_7physdes13global_routerNtB5_17GlobalRoutingTree18__find_nearest_node
FNDA:0,_RNvMs0_NtCsfTKb2dQLRng_7physdes13global_routerNtB5_17GlobalRoutingTree18get_tree_structure
FNDA:0,_RNvMs0_NtCsfTKb2dQLRng_7physdes13global_routerNtB5_17GlobalRoutingTree19find_path_to_source
FNDA:0,_RNvMs0_NtCsfTKb2dQLRng_7physdes13global_routerNtB5_17GlobalRoutingTree19insert_steiner_node
FNDA:0,_RNvMs0_NtCsfTKb2dQLRng_7physdes13global_routerNtB5_17GlobalRoutingTree20insert_terminal_node
FNDA:0,_RNvMs0_NtCsfTKb2dQLRng_7physdes13global_routerNtB5_17GlobalRoutingTree21__insert_terminal_impl
FNDA:0,_RNvMs0_NtCsfTKb2dQLRng_7physdes13global_routerNtB5_17GlobalRoutingTree21get_all_steiner_nodes
FNDA:0,_RNvMs0_NtCsfTKb2dQLRng_7physdes13global_routerNtB5_17GlobalRoutingTree23optimize_steiner_points
FNDA:0,_RNvMs0_NtCsfTKb2dQLRng_7physdes13global_routerNtB5_17GlobalRoutingTree26calculate_total_wirelength
FNDA:0,_RNvMs0_NtCsfTKb2dQLRng_7physdes13global_routerNtB5_17GlobalRoutingTree26calculate_worst_wirelength
FNDA:0,_RNvMs0_NtCsfTKb2dQLRng_7physdes13global_routerNtB5_17GlobalRoutingTree28insert_terminal_with_steiner
FNDA:0,_RNvMs0_NtCsfTKb2dQLRng_7physdes13global_routerNtB5_17GlobalRoutingTree32insert_terminal_with_constraints
FNDA:0,_RNvMs0_NtCsfTKb2dQLRng_7physdes13global_routerNtB5_17GlobalRoutingTree3new
FNDA:0,_RNvMs0_NtCsfTKb2dQLRng_7physdes13global_routerNtB5_17GlobalRoutingTree40__find_nearest_insertion_with_constraints
FNDA:0,_RNvMs0_NtCsfTKb2dQLRng_7physdes13global_routerNtB5_17GlobalRoutingTree8add_node
FNDA:0,_RNvMs1_NtCsfTKb2dQLRng_7physdes13global_routerNtB5_12GlobalRouter12route_simple
FNDA:0,_RNvMs1_NtCsfTKb2dQLRng_7physdes13global_routerNtB5_12GlobalRouter19route_with_steiners
FNDA:0,_RNvMs1_NtCsfTKb2dQLRng_7physdes13global_routerNtB5_12GlobalRouter22route_with_constraints
FNDA:0,_RNvMs1_NtCsfTKb2dQLRng_7physdes13global_routerNtB5_12GlobalRouter3new
FNDA:0,_RNvMs1_NtCsfTKb2dQLRng_7physdes13global_routerNtB5_12GlobalRouter8get_tree
FNDA:0,_RNvMs_NtCsfTKb2dQLRng_7physdes13global_routerNtB4_11RoutingNode18manhattan_distance
FNDA:0,_RNvMs_NtCsfTKb2dQLRng_7physdes13global_routerNtB4_11RoutingNode3new
FNDA:0,_RNvNvMs0_NtCsfTKb2dQLRng_7physdes13global_routerNtB7_17GlobalRoutingTree18get_tree_structure8fmt_node
FNDA:0,_RNvNvMs0_NtCsfTKb2dQLRng_7physdes13global_routerNtB7_17GlobalRoutingTree26calculate_worst_wirelength8traverse
FNDA:0,_RNvXNtCsfTKb2dQLRng_7physdes13global_routerNtB2_8NodeTypeNtNtCs4TwWhthMkYr_4core3fmt7Display3fmt
FNF:38
FNH:0
DA:23,0
DA:24,0
DA:25,0
DA:26,0
DA:27,0
DA:29,0
DA:46,0
DA:47,0
DA:48,0
DA:49,0
DA:50,0
DA:51,0
DA:52,0
DA:53,0
DA:54,0
DA:55,0
DA:56,0
DA:57,0
DA:59,0
DA:60,0
DA:61,0
DA:75,0
DA:76,0
DA:77,0
DA:78,0
DA:79,0
DA:80,0
DA:81,0
DA:82,0
DA:83,0
DA:84,0
DA:85,0
DA:86,0
DA:87,0
DA:88,0
DA:89,0
DA:91,0
DA:92,0
DA:93,0
DA:95,0
DA:96,0
DA:97,0
DA:99,0
DA:100,0
DA:101,0
DA:102,0
DA:103,0
DA:104,0
DA:106,0
DA:107,0
DA:108,0
DA:109,0
DA:110,0
DA:111,0
DA:112,0
DA:113,0
DA:114,0
DA:115,0
DA:116,0
DA:117,0
DA:118,0
DA:119,0
DA:120,0
DA:121,0
DA:122,0
DA:124,0
DA:125,0
DA:127,0
DA:128,0
DA:129,0
DA:130,0
DA:131,0
DA:132,0
DA:133,0
DA:134,0
DA:136,0
DA:137,0
DA:138,0
DA:140,0
DA:141,0
DA:142,0
DA:143,0
DA:145,0
DA:146,0
DA:147,0
DA:148,0
DA:149,0
DA:150,0
DA:151,0
DA:152,0
DA:154,0
DA:155,0
DA:156,0
DA:158,0
DA:159,0
DA:160,0
DA:161,0
DA:163,0
DA:164,0
DA:165,0
DA:166,0
DA:167,0
DA:168,0
DA:170,0
DA:171,0
DA:172,0
DA:174,0
DA:175,0
DA:176,0
DA:177,0
DA:178,0
DA:179,0
DA:180,0
DA:181,0
DA:182,0
DA:184,0
DA:185,0
DA:187,0
DA:188,0
DA:189,0
DA:190,0
DA:191,0
DA:192,0
DA:193,0
DA:194,0
DA:195,0
DA:196,0
DA:197,0
DA:198,0
DA:199,0
DA:200,0
DA:203,0
DA:204,0
DA:205,0
DA:206,0
DA:208,0
DA:209,0
DA:211,0
DA:212,0
DA:214,0
DA:215,0
DA:217,0
DA:218,0
DA:220,0
DA:221,0
DA:222,0
DA:225,0
DA:227,0
DA:228,0
DA:229,0
DA:230,0
DA:231,0
DA:232,0
DA:233,0
DA:235,0
DA:236,0
DA:237,0
DA:238,0
DA:239,0
DA:240,0
DA:241,0
DA:242,0
DA:244,0
DA:245,0
DA:246,0
DA:247,0
DA:248,0
DA:249,0
DA:251,0
DA:252,0
DA:254,0
DA:255,0
DA:256,0
DA:257,0
DA:258,0
DA:259,0
DA:260,0
DA:261,0
DA:262,0
DA:263,0
DA:264,0
DA:265,0
DA:266,0
DA:268,0
DA:269,0
DA:270,0
DA:272,0
DA:273,0
DA:274,0
DA:275,0
DA:278,0
DA:279,0
DA:280,0
DA:282,0
DA:283,0
DA:284,0
DA:285,0
DA:286,0
DA:287,0
DA:289,0
DA:290,0
DA:291,0
DA:292,0
DA:293,0
DA:294,0
DA:296,0
DA:297,0
DA:298,0
DA:299,0
DA:301,0
DA:306,0
DA:307,0
DA:308,0
DA:309,0
DA:310,0
DA:311,0
DA:312,0
DA:313,0
DA:315,0
DA:316,0
DA:317,0
DA:318,0
DA:319,0
DA:320,0
DA:321,0
DA:322,0
DA:323,0
DA:325,0
DA:326,0
DA:327,0
DA:328,0
DA:329,0
DA:330,0
DA:331,0
DA:332,0
DA:333,0
DA:334,0
DA:336,0
DA:337,0
DA:338,0
DA:339,0
DA:340,0
DA:341,0
DA:342,0
DA:343,0
DA:344,0
DA:346,0
DA:348,0
DA:349,0
DA:351,0
DA:352,0
DA:353,0
DA:354,0
DA:355,0
DA:356,0
DA:357,0
DA:358,0
DA:359,0
DA:360,0
DA:361,0
DA:362,0
DA:363,0
DA:364,0
DA:365,0
DA:366,0
DA:367,0
DA:368,0
DA:369,0
DA:370,0
DA:371,0
DA:372,0
DA:373,0
DA:375,0
DA:376,0
DA:388,0
DA:389,0
DA:390,0
DA:391,0
DA:392,0
DA:393,0
DA:394,0
DA:395,0
DA:396,0
DA:397,0
DA:398,0
DA:400,0
DA:401,0
DA:403,0
DA:406,0
DA:407,0
DA:408,0
DA:409,0
DA:410,0
DA:411,0
DA:412,0
DA:414,0
DA:415,0
DA:416,0
DA:417,0
DA:418,0
DA:420,0
DA:421,0
DA:422,0
DA:423,0
DA:424,0
DA:425,0
DA:426,0
DA:428,0
DA:429,0
DA:430,0
DA:431,0
DA:432,0
DA:433,0
DA:434,0
DA:435,0
DA:437,0
DA:438,0
DA:439,0
BRF:0
BRH:0
LF:326
LH:0
end_of_record
SF:D:\github\rs\physdes-rs\src\interval.rs
FN:76,_RNvMNtCsfTKb2dQLRng_7physdes8intervalINtB2_8IntervallE3newB4_
FN:129,_RNvMs0_NtCsfTKb2dQLRng_7physdes8intervalINtB5_8IntervallE10is_invalidB7_
FN:155,_RNvMs1_NtCsfTKb2dQLRng_7physdes8intervalINtB5_8IntervallE6lengthB7_
FN:93,_RNvMs_NtCsfTKb2dQLRng_7physdes8intervalINtB4_8IntervallE2lbB6_
FN:103,_RNvMs_NtCsfTKb2dQLRng_7physdes8intervalINtB4_8IntervallE2ubB6_
FN:176,_RNvXs2_NtCsfTKb2dQLRng_7physdes8intervalINtB5_8IntervallENtNtCs4TwWhthMkYr_4core3fmt7Display3fmtB7_
FN:184,_RNvXs3_NtCsfTKb2dQLRng_7physdes8intervalINtB5_8IntervallENtNtNtCs4TwWhthMkYr_4core3ops5arith3Sub3subB7_
FN:200,_RNvXs4_NtCsfTKb2dQLRng_7physdes8intervalINtB5_8IntervallENtNtNtCs4TwWhthMkYr_4core3ops5arith3Neg3negB7_
FN:222,_RNvXs5_NtCsfTKb2dQLRng_7physdes8intervalINtB5_8IntervallEINtNtNtCs4TwWhthMkYr_4core3ops5arith9AddAssignlE10add_assignB7_
FN:242,_RNvXs6_NtCsfTKb2dQLRng_7physdes8intervalINtB5_8IntervallEINtNtNtCs4TwWhthMkYr_4core3ops5arith3AddlE3addB7_
FN:263,_RNvXs7_NtCsfTKb2dQLRng_7physdes8intervalINtB5_8IntervallEINtNtNtCs4TwWhthMkYr_4core3ops5arith9SubAssignlE10sub_assignB7_
FN:272,_RNvXs8_NtCsfTKb2dQLRng_7physdes8intervalINtB5_8IntervallENtNtNtCs4TwWhthMkYr_4core3ops5arith3Add3addB7_
FN:294,_RNvXs9_NtCsfTKb2dQLRng_7physdes8intervalINtB5_8IntervallEINtNtNtCs4TwWhthMkYr_4core3ops5arith3SublE3subB7_
FN:315,_RNvXsa_NtCsfTKb2dQLRng_7physdes8intervalINtB5_8IntervallEINtNtNtCs4TwWhthMkYr_4core3ops5arith9MulAssignlE10mul_assignB7_
FN:334,_RNvXsb_NtCsfTKb2dQLRng_7physdes8intervalINtB5_8IntervallEINtNtNtCs4TwWhthMkYr_4core3ops5arith3MullE3mulB7_
FN:398,_RNvXsd_NtCsfTKb2dQLRng_7physdes8intervalINtB5_8IntervallEINtB5_7EnlargelE12enlarge_withB7_
FN:427,_RNvXse_NtCsfTKb2dQLRng_7physdes8intervalINtB5_8IntervallENtNtCs4TwWhthMkYr_4core3cmp10PartialOrd11partial_cmpB7_
FN:454,_RNvXsf_NtCsfTKb2dQLRng_7physdes8intervalINtB5_8IntervallEINtNtB7_7generic7OverlapBC_E8overlapsB7_
FN:472,_RNvXsg_NtCsfTKb2dQLRng_7physdes8intervalINtB5_8IntervallEINtNtB7_7generic7OverlaplE8overlapsB7_
FN:493,_RNvXsh_NtCsfTKb2dQLRng_7physdes8intervallINtNtB7_7generic7OverlapINtB5_8IntervallEE8overlapsB7_
FN:515,_RNvXsi_NtCsfTKb2dQLRng_7physdes8intervalINtB5_8IntervallEINtNtB7_7generic7ContainBC_E8containsB7_
FN:537,_RNvXsj_NtCsfTKb2dQLRng_7physdes8intervalINtB5_8IntervallEINtNtB7_7generic7ContainlE8containsB7_
FN:555,_RNvXsk_NtCsfTKb2dQLRng_7physdes8intervallINtNtB7_7generic7ContainINtB5_8IntervallEE8containsB7_
FN:574,_RNvXsl_NtCsfTKb2dQLRng_7physdes8intervalINtB5_8IntervallEINtNtB7_7generic12DisplacementBC_E8displaceB7_
FN:706,_RNvXsq_NtCsfTKb2dQLRng_7physdes8intervalINtB5_8IntervallEINtB5_4HullBC_E9hull_withB7_
FN:729,_RNvXsr_NtCsfTKb2dQLRng_7physdes8intervalINtB5_8IntervallEINtB5_4HulllE9hull_withB7_
FN:751,_RNvXss_NtCsfTKb2dQLRng_7physdes8intervallINtB5_4HullINtB5_8IntervallEE9hull_withB7_
FN:802,_RNvXsu_NtCsfTKb2dQLRng_7physdes8intervalINtB5_8IntervallEINtB5_9IntersectBC_E14intersect_withB7_
FN:826,_RNvXsv_NtCsfTKb2dQLRng_7physdes8intervalINtB5_8IntervallEINtB5_9IntersectlE14intersect_withB7_
FN:849,_RNvXsw_NtCsfTKb2dQLRng_7physdes8intervallINtB5_9IntersectINtB5_8IntervallEE14intersect_withB7_
FN:1073,_RNvNtCsfTKb2dQLRng_7physdes8intervals_20test_interval_length
FN:1082,_RNvNtCsfTKb2dQLRng_7physdes8intervals_21test_interval_display
FN:1109,_RNvNtCsfTKb2dQLRng_7physdes8intervals_24test_interval_is_invalid
FN:1101,_RNvNtCsfTKb2dQLRng_7physdes8intervals_26test_interval_add_interval
FN:1125,_RNvNtCsfTKb2dQLRng_7physdes8intervals_26test_interval_hull_t_for_t
FN:1093,_RNvNtCsfTKb2dQLRng_7physdes8intervals_26test_interval_sub_interval
FN:1143,_RNvNtCsfTKb2dQLRng_7physdes8intervals_32test_interval_overlap_interval_t
FN:1135,_RNvNtCsfTKb2dQLRng_7physdes8intervals_33test_interval_contains_interval_t
FN:1154,_RNvNtCsfTKb2dQLRng_7physdes8intervals_33test_interval_partial_cmp_greater
FN:1118,_RNvNtCsfTKb2dQLRng_7physdes8intervals_33test_interval_sub_assign_interval
FN:368,_RNvXsc_NtCsfTKb2dQLRng_7physdes8intervallINtB5_7EnlargelE12enlarge_withB7_
FN:596,_RNvXsm_NtCsfTKb2dQLRng_7physdes8intervalINtB5_8IntervallEINtNtB7_7generic7MinDistBC_E13min_dist_withB7_
FN:624,_RNvXsn_NtCsfTKb2dQLRng_7physdes8intervalINtB5_8IntervallEINtNtB7_7generic7MinDistlE13min_dist_withB7_
FN:651,_RNvXso_NtCsfTKb2dQLRng_7physdes8intervallINtNtB7_7generic7MinDistINtB5_8IntervallEE13min_dist_withB7_
FN:683,_RNvXsp_NtCsfTKb2dQLRng_7physdes8intervallINtB5_4HulllE9hull_withB7_
FN:778,_RNvXst_NtCsfTKb2dQLRng_7physdes8intervallINtB5_9IntersectlE14intersect_withB7_
FN:1063,_RNvNtNtCsfTKb2dQLRng_7physdes8interval5testss_12test_enlarge
FN:964,_RNvNtNtCsfTKb2dQLRng_7physdes8interval5testss_12test_overlap
FN:981,_RNvNtNtCsfTKb2dQLRng_7physdes8interval5testss_13test_contains
FN:859,_RNvNtNtCsfTKb2dQLRng_7physdes8interval5testss_13test_interval
FN:1034,_RNvNtNtCsfTKb2dQLRng_7physdes8interval5testss_13test_min_dist
FN:998,_RNvNtNtCsfTKb2dQLRng_7physdes8interval5testss_14test_intersect
FN:906,_RNvNtNtCsfTKb2dQLRng_7physdes8interval5testss_14test_interval1
FN:915,_RNvNtNtCsfTKb2dQLRng_7physdes8interval5testss_14test_interval2
FN:930,_RNvNtNtCsfTKb2dQLRng_7physdes8interval5testss_14test_interval3
FN:947,_RNvNtNtCsfTKb2dQLRng_7physdes8interval5testss_15test_arithmetic
FN:1049,_RNvNtNtCsfTKb2dQLRng_7physdes8interval5testss_17test_displacement
FN:887,_RNvNtNtCsfTKb2dQLRng_7physdes8interval5testss_20test_hull_more_cases
FN:1016,_RNvNtNtCsfTKb2dQLRng_7physdes8interval5testss_9test_hull
FNDA:309,_RNvMNtCsfTKb2dQLRng_7physdes8intervalINtB2_8IntervallE3newB4_
FNDA:8,_RNvMs0_NtCsfTKb2dQLRng_7physdes8intervalINtB5_8IntervallE10is_invalidB7_
FNDA:2,_RNvMs1_NtCsfTKb2dQLRng_7physdes8intervalINtB5_8IntervallE6lengthB7_
FNDA:100,_RNvMs_NtCsfTKb2dQLRng_7physdes8intervalINtB4_8IntervallE2lbB6_
FNDA:100,_RNvMs_NtCsfTKb2dQLRng_7physdes8intervalINtB4_8IntervallE2ubB6_
FNDA:2,_RNvXs2_NtCsfTKb2dQLRng_7physdes8intervalINtB5_8IntervallENtNtCs4TwWhthMkYr_4core3fmt7Display3fmtB7_
FNDA:1,_RNvXs3_NtCsfTKb2dQLRng_7physdes8intervalINtB5_8IntervallENtNtNtCs4TwWhthMkYr_4core3ops5arith3Sub3subB7_
FNDA:1,_RNvXs4_NtCsfTKb2dQLRng_7physdes8intervalINtB5_8IntervallENtNtNtCs4TwWhthMkYr_4core3ops5arith3Neg3negB7_
FNDA:1,_RNvXs5_NtCsfTKb2dQLRng_7physdes8intervalINtB5_8IntervallEINtNtNtCs4TwWhthMkYr_4core3ops5arith9AddAssignlE10add_assignB7_
FNDA:1,_RNvXs6_NtCsfTKb2dQLRng_7physdes8intervalINtB5_8IntervallEINtNtNtCs4TwWhthMkYr_4core3ops5arith3AddlE3addB7_
FNDA:2,_RNvXs7_NtCsfTKb2dQLRng_7physdes8intervalINtB5_8IntervallEINtNtNtCs4TwWhthMkYr_4core3ops5arith9SubAssignlE10sub_assignB7_
FNDA:1,_RNvXs8_NtCsfTKb2dQLRng_7physdes8intervalINtB5_8IntervallENtNtNtCs4TwWhthMkYr_4core3ops5arith3Add3addB7_
FNDA:1,_RNvXs9_NtCsfTKb2dQLRng_7physdes8intervalINtB5_8IntervallEINtNtNtCs4TwWhthMkYr_4core3ops5arith3SublE3subB7_
FNDA:1,_RNvXsa_NtCsfTKb2dQLRng_7physdes8intervalINtB5_8IntervallEINtNtNtCs4TwWhthMkYr_4core3ops5arith9MulAssignlE10mul_assignB7_
FNDA:1,_RNvXsb_NtCsfTKb2dQLRng_7physdes8intervalINtB5_8IntervallEINtNtNtCs4TwWhthMkYr_4core3ops5arith3MullE3mulB7_
FNDA:15,_RNvXsd_NtCsfTKb2dQLRng_7physdes8intervalINtB5_8IntervallEINtB5_7EnlargelE12enlarge_withB7_
FNDA:6,_RNvXse_NtCsfTKb2dQLRng_7physdes8intervalINtB5_8IntervallENtNtCs4TwWhthMkYr_4core3cmp10PartialOrd11partial_cmpB7_
FNDA:21,_RNvXsf_NtCsfTKb2dQLRng_7physdes8intervalINtB5_8IntervallEINtNtB7_7generic7OverlapBC_E8overlapsB7_
FNDA:8,_RNvXsg_NtCsfTKb2dQLRng_7physdes8intervalINtB5_8IntervallEINtNtB7_7generic7OverlaplE8overlapsB7_
FNDA:3,_RNvXsh_NtCsfTKb2dQLRng_7physdes8intervallINtNtB7_7generic7OverlapINtB5_8IntervallEE8overlapsB7_
FNDA:18,_RNvXsi_NtCsfTKb2dQLRng_7physdes8intervalINtB5_8IntervallEINtNtB7_7generic7ContainBC_E8containsB7_
FNDA:19,_RNvXsj_NtCsfTKb2dQLRng_7physdes8intervalINtB5_8IntervallEINtNtB7_7generic7ContainlE8containsB7_
FNDA:2,_RNvXsk_NtCsfTKb2dQLRng_7physdes8intervallINtNtB7_7generic7ContainINtB5_8IntervallEE8containsB7_
FNDA:3,_RNvXsl_NtCsfTKb2dQLRng_7physdes8intervalINtB5_8IntervallEINtNtB7_7generic12DisplacementBC_E8displaceB7_
FNDA:7,_RNvXsq_NtCsfTKb2dQLRng_7physdes8intervalINtB5_8IntervallEINtB5_4HullBC_E9hull_withB7_
FNDA:6,_RNvXsr_NtCsfTKb2dQLRng_7physdes8intervalINtB5_8IntervallEINtB5_4HulllE9hull_withB7_
FNDA:1,_RNvXss_NtCsfTKb2dQLRng_7physdes8intervallINtB5_4HullINtB5_8IntervallEE9hull_withB7_
FNDA:27,_RNvXsu_NtCsfTKb2dQLRng_7physdes8intervalINtB5_8IntervallEINtB5_9IntersectBC_E14intersect_withB7_
FNDA:4,_RNvXsv_NtCsfTKb2dQLRng_7physdes8intervalINtB5_8IntervallEINtB5_9IntersectlE14intersect_withB7_
FNDA:1,_RNvXsw_NtCsfTKb2dQLRng_7physdes8intervallINtB5_9IntersectINtB5_8IntervallEE14intersect_withB7_
FNDA:1,_RNvNtCsfTKb2dQLRng_7physdes8intervals_20test_interval_length
FNDA:1,_RNvNtCsfTKb2dQLRng_7physdes8intervals_21test_interval_display
FNDA:1,_RNvNtCsfTKb2dQLRng_7physdes8intervals_24test_interval_is_invalid
FNDA:1,_RNvNtCsfTKb2dQLRng_7physdes8intervals_26test_interval_add_interval
FNDA:1,_RNvNtCsfTKb2dQLRng_7physdes8intervals_26test_interval_hull_t_for_t
FNDA:1,_RNvNtCsfTKb2dQLRng_7physdes8intervals_26test_interval_sub_interval
FNDA:1,_RNvNtCsfTKb2dQLRng_7physdes8intervals_32test_interval_overlap_interval_t
FNDA:1,_RNvNtCsfTKb2dQLRng_7physdes8intervals_33test_interval_contains_interval_t
FNDA:1,_RNvNtCsfTKb2dQLRng_7physdes8intervals_33test_interval_partial_cmp_greater
FNDA:1,_RNvNtCsfTKb2dQLRng_7physdes8intervals_33test_interval_sub_assign_interval
FNDA:4,_RNvXsc_NtCsfTKb2dQLRng_7physdes8intervallINtB5_7EnlargelE12enlarge_withB7_
FNDA:9,_RNvXsm_NtCsfTKb2dQLRng_7physdes8intervalINtB5_8IntervallEINtNtB7_7generic7MinDistBC_E13min_dist_withB7_
FNDA:2,_RNvXsn_NtCsfTKb2dQLRng_7physdes8intervalINtB5_8IntervallEINtNtB7_7generic7MinDistlE13min_dist_withB7_
FNDA:2,_RNvXso_NtCsfTKb2dQLRng_7physdes8intervallINtNtB7_7generic7MinDistINtB5_8IntervallEE13min_dist_withB7_
FNDA:10,_RNvXsp_NtCsfTKb2dQLRng_7physdes8intervallINtB5_4HulllE9hull_withB7_
FNDA:1,_RNvXst_NtCsfTKb2dQLRng_7physdes8intervallINtB5_9IntersectlE14intersect_withB7_
FNDA:1,_RNvNtNtCsfTKb2dQLRng_7physdes8interval5testss_12test_enlarge
FNDA:1,_RNvNtNtCsfTKb2dQLRng_7physdes8interval5testss_12test_overlap
FNDA:1,_RNvNtNtCsfTKb2dQLRng_7physdes8interval5testss_13test_contains
FNDA:1,_RNvNtNtCsfTKb2dQLRng_7physdes8interval5testss_13test_interval
FNDA:1,_RNvNtNtCsfTKb2dQLRng_7physdes8interval5testss_13test_min_dist
FNDA:1,_RNvNtNtCsfTKb2dQLRng_7physdes8interval5testss_14test_intersect
FNDA:1,_RNvNtNtCsfTKb2dQLRng_7physdes8interval5testss_14test_interval1
FNDA:1,_RNvNtNtCsfTKb2dQLRng_7physdes8interval5testss_14test_interval2
FNDA:1,_RNvNtNtCsfTKb2dQLRng_7physdes8interval5testss_14test_interval3
FNDA:1,_RNvNtNtCsfTKb2dQLRng_7physdes8interval5testss_15test_arithmetic
FNDA:1,_RNvNtNtCsfTKb2dQLRng_7physdes8interval5testss_17test_displacement
FNDA:1,_RNvNtNtCsfTKb2dQLRng_7physdes8interval5testss_20test_hull_more_cases
FNDA:1,_RNvNtNtCsfTKb2dQLRng_7physdes8interval5testss_9test_hull
FNF:59
FNH:59
DA:76,309
DA:77,309
DA:78,309
DA:79,309
DA:80,309
DA:81,309
DA:82,309
DA:93,100
DA:94,100
DA:95,100
DA:103,100
DA:104,100
DA:105,100
DA:129,8
DA:130,8
DA:131,8
DA:155,2
DA:156,2
DA:157,2
DA:176,2
DA:177,2
DA:178,2
DA:184,1
DA:185,1
DA:186,1
DA:187,1
DA:188,1
DA:189,1
DA:190,1
DA:200,1
DA:201,1
DA:202,1
DA:203,1
DA:204,1
DA:205,1
DA:206,1
DA:222,1
DA:223,1
DA:224,1
DA:225,1
DA:242,1
DA:243,1
DA:244,1
DA:245,1
DA:246,1
DA:247,1
DA:248,1
DA:263,2
DA:264,2
DA:265,2
DA:266,2
DA:272,1
DA:273,1
DA:274,1
DA:275,1
DA:276,1
DA:277,1
DA:278,1
DA:294,1
DA:295,1
DA:296,1
DA:297,1
DA:298,1
DA:299,1
DA:300,1
DA:315,1
DA:316,1
DA:317,1
DA:318,1
DA:334,1
DA:335,1
DA:336,1
DA:337,1
DA:338,1
DA:339,1
DA:340,1
DA:368,4
DA:369,4
DA:370,4
DA:371,4
DA:372,4
DA:373,4
DA:374,4
DA:398,15
DA:399,15
DA:400,15
DA:401,15
DA:402,15
DA:403,15
DA:404,15
DA:427,6
DA:428,6
DA:429,1
DA:430,5
DA:431,1
DA:433,4
DA:435,6
DA:454,21
DA:455,21
DA:456,21
DA:472,8
DA:473,8
DA:474,8
DA:493,3
DA:494,3
DA:495,3
DA:515,18
DA:516,18
DA:517,18
DA:537,19
DA:538,19
DA:539,19
DA:555,2
DA:556,2
DA:557,2
DA:574,3
DA:575,3
DA:576,3
DA:596,9
DA:597,9
DA:598,3
DA:599,6
DA:600,0
DA:602,6
DA:604,9
DA:624,2
DA:625,2
DA:626,1
DA:627,1
DA:628,0
DA:630,1
DA:632,2
DA:651,2
DA:652,2
DA:653,0
DA:654,2
DA:655,1
DA:657,1
DA:659,2
DA:683,10
DA:684,10
DA:685,7
DA:687,3
DA:689,10
DA:706,7
DA:707,7
DA:708,7
DA:709,7
DA:710,7
DA:711,7
DA:712,7
DA:729,6
DA:730,6
DA:731,6
DA:732,6
DA:733,6
DA:734,6
DA:735,6
DA:751,1
DA:752,1
DA:753,1
DA:778,1
DA:779,1
DA:780,1
DA:781,1
DA:782,1
DA:783,1
DA:784,1
DA:802,27
DA:803,27
DA:804,27
DA:805,27
DA:806,27
DA:807,27
DA:808,27
DA:826,4
DA:827,4
DA:828,4
DA:829,4
DA:830,4
DA:831,4
DA:832,4
DA:849,1
DA:850,1
DA:851,1
DA:859,1
DA:860,1
DA:861,1
DA:863,1
DA:864,1
DA:865,1
DA:866,1
DA:868,1
DA:869,1
DA:871,1
DA:872,1
DA:873,1
DA:874,1
DA:875,1
DA:876,1
DA:877,1
DA:878,1
DA:879,1
DA:880,1
DA:881,1
DA:882,1
DA:883,1
DA:884,1
DA:887,1
DA:888,1
DA:889,1
DA:890,1
DA:892,1
DA:893,1
DA:895,1
DA:896,1
DA:898,1
DA:899,1
DA:901,1
DA:902,1
DA:903,1
DA:906,1
DA:907,1
DA:908,1
DA:909,1
DA:910,1
DA:911,1
DA:912,1
DA:915,1
DA:916,1
DA:917,1
DA:919,1
DA:920,1
DA:921,1
DA:924,1
DA:925,1
DA:926,1
DA:927,1
DA:930,1
DA:931,1
DA:932,1
DA:933,1
DA:935,1
DA:936,1
DA:937,1
DA:938,1
DA:939,1
DA:940,1
DA:941,1
DA:942,1
DA:943,1
DA:944,1
DA:947,1
DA:948,1
DA:951,1
DA:952,1
DA:953,1
DA:954,1
DA:955,1
DA:956,1
DA:957,1
DA:958,1
DA:959,1
DA:960,1
DA:961,1
DA:964,1
DA:965,1
DA:966,1
DA:967,1
DA:968,1
DA:969,1
DA:970,1
DA:971,1
DA:973,1
DA:974,1
DA:975,1
DA:976,1
DA:977,1
DA:978,1
DA:981,1
DA:982,1
DA:983,1
DA:984,1
DA:985,1
DA:986,1
DA:987,1
DA:988,1
DA:990,1
DA:991,1
DA:992,1
DA:993,1
DA:994,1
DA:995,1
DA:998,1
DA:999,1
DA:1000,1
DA:1001,1
DA:1002,1
DA:1003,1
DA:1004,1
DA:1005,1
DA:1006,1
DA:1007,1
DA:1008,1
DA:1009,1
DA:1010,1
DA:1011,1
DA:1012,1
DA:1013,1
DA:1016,1
DA:1017,1
DA:1018,1
DA:1019,1
DA:1020,1
DA:1021,1
DA:1022,1
DA:1023,1
DA:1024,1
DA:1025,1
DA:1031,1
DA:1034,1
DA:1035,1
DA:1036,1
DA:1037,1
DA:1038,1
DA:1039,1
DA:1040,1
DA:1041,1
DA:1042,1
DA:1043,1
DA:1044,1
DA:1045,1
DA:1046,1
DA:1049,1
DA:1050,1
DA:1051,1
DA:1052,1
DA:1053,1
DA:1054,1
DA:1055,1
DA:1056,1
DA:1057,1
DA:1058,1
DA:1059,1
DA:1060,1
DA:1063,1
DA:1064,1
DA:1065,1
DA:1066,1
DA:1067,1
DA:1068,1
DA:1069,1
DA:1073,1
DA:1074,1
DA:1075,1
DA:1077,1
DA:1078,1
DA:1079,1
DA:1082,1
DA:1083,1
DA:1084,1
DA:1085,1
DA:1087,1
DA:1088,1
DA:1089,1
DA:1090,1
DA:1093,1
DA:1094,1
DA:1095,1
DA:1096,1
DA:1097,1
DA:1098,1
DA:1101,1
DA:1102,1
DA:1103,1
DA:1104,1
DA:1105,1
DA:1106,1
DA:1109,1
DA:1110,1
DA:1111,1
DA:1113,1
DA:1114,1
DA:1115,1
DA:1118,1
DA:1119,1
DA:1120,1
DA:1121,1
DA:1122,1
DA:1125,1
DA:1126,1
DA:1127,1
DA:1129,1
DA:1130,1
DA:1131,1
DA:1132,1
DA:1135,1
DA:1136,1
DA:1138,1
DA:1139,1
DA:1140,1
DA:1143,1
DA:1145,1
DA:1146,1
DA:1147,1
DA:1149,1
DA:1150,1
DA:1151,1
DA:1154,1
DA:1155,1
DA:1156,1
DA:1158,1
DA:1159,1
DA:1160,1
BRF:0
BRH:0
LF:414
LH:411
end_of_record
SF:D:\github\rs\physdes-rs\src\lib.rs
FN:161,_RNvNtCsfTKb2dQLRng_7physdes5testss_20test_const_functions
FN:113,_RNvNtCsfTKb2dQLRng_7physdes5testss_8it_works
FN:133,_RNvNvNtCsfTKb2dQLRng_7physdes5testss_11check_point11check_point
FN:151,_RNvNvNtCsfTKb2dQLRng_7physdes5testss_25check_interval_properties25check_interval_properties
FN:141,_RNvNvNtCsfTKb2dQLRng_7physdes5testss_33check_point_arithmetic_properties33check_point_arithmetic_properties
FNDA:1,_RNvNtCsfTKb2dQLRng_7physdes5testss_20test_const_functions
FNDA:1,_RNvNtCsfTKb2dQLRng_7physdes5testss_8it_works
FNDA:100,_RNvNvNtCsfTKb2dQLRng_7physdes5testss_11check_point11check_point
FNDA:100,_RNvNvNtCsfTKb2dQLRng_7physdes5testss_25check_interval_properties25check_interval_properties
FNDA:100,_RNvNvNtCsfTKb2dQLRng_7physdes5testss_33check_point_arithmetic_properties33check_point_arithmetic_properties
FNF:5
FNH:5
DA:113,1
DA:114,1
DA:115,1
DA:116,1
DA:117,1
DA:119,1
DA:120,1
DA:121,1
DA:122,1
DA:124,1
DA:125,1
DA:127,1
DA:129,1
DA:130,1
DA:133,100
DA:134,100
DA:135,100
DA:136,100
DA:137,100
DA:141,100
DA:142,100
DA:143,100
DA:146,100
DA:147,100
DA:148,100
DA:151,100
DA:152,100
DA:153,100
DA:154,100
DA:157,100
DA:158,100
DA:161,1
DA:168,1
BRF:0
BRH:0
LF:33
LH:33
end_of_record
SF:D:\github\rs\physdes-rs\src\logging.rs
FN:105,_RNvNtNtCsfTKb2dQLRng_7physdes7logging5testss_20test_try_init_logger
FN:125,_RNvNtNtCsfTKb2dQLRng_7physdes7logging5testss_26test_is_logger_initialized
FN:116,_RNvNtNtCsfTKb2dQLRng_7physdes7logging5testss_32test_try_init_logger_with_filter
FN:65,_RNvNtCsfTKb2dQLRng_7physdes7logging15try_init_logger
FN:96,_RNvNtCsfTKb2dQLRng_7physdes7logging21is_logger_initialized
FN:83,_RNvNtCsfTKb2dQLRng_7physdes7logging27try_init_logger_with_filter
FN:69,_RNCNvNtCsfTKb2dQLRng_7physdes7logging15try_init_logger0B5_
FN:87,_RNCNvNtCsfTKb2dQLRng_7physdes7logging27try_init_logger_with_filter0B5_
FN:38,_RNvNtCsfTKb2dQLRng_7physdes7logging11init_logger
FN:54,_RNvNtCsfTKb2dQLRng_7physdes7logging23init_logger_with_filter
FNDA:1,_RNvNtNtCsfTKb2dQLRng_7physdes7logging5testss_20test_try_init_logger
FNDA:1,_RNvNtNtCsfTKb2dQLRng_7physdes7logging5testss_26test_is_logger_initialized
FNDA:1,_RNvNtNtCsfTKb2dQLRng_7physdes7logging5testss_32test_try_init_logger_with_filter
FNDA:1,_RNvNtCsfTKb2dQLRng_7physdes7logging15try_init_logger
FNDA:1,_RNvNtCsfTKb2dQLRng_7physdes7logging21is_logger_initialized
FNDA:1,_RNvNtCsfTKb2dQLRng_7physdes7logging27try_init_logger_with_filter
FNDA:0,_RNCNvNtCsfTKb2dQLRng_7physdes7logging15try_init_logger0B5_
FNDA:1,_RNCNvNtCsfTKb2dQLRng_7physdes7logging27try_init_logger_with_filter0B5_
FNDA:0,_RNvNtCsfTKb2dQLRng_7physdes7logging11init_logger
FNDA:0,_RNvNtCsfTKb2dQLRng_7physdes7logging23init_logger_with_filter
FNF:10
FNH:7
DA:38,0
DA:39,0
DA:40,0
DA:41,0
DA:42,0
DA:43,0
DA:54,0
DA:55,0
DA:56,0
DA:57,0
DA:58,0
DA:59,0
DA:65,1
DA:66,1
DA:67,1
DA:68,1
DA:69,1
DA:70,0
DA:71,0
DA:72,1
DA:73,1
DA:83,1
DA:84,1
DA:85,1
DA:86,1
DA:87,1
DA:88,1
DA:89,1
DA:90,1
DA:91,1
DA:96,1
DA:97,1
DA:98,1
DA:105,1
DA:107,1
DA:110,1
DA:111,0
DA:112,1
DA:113,1
DA:116,1
DA:118,1
DA:121,1
DA:122,1
DA:125,1
DA:127,1
DA:128,1
BRF:0
BRH:0
LF:48
LH:32
end_of_record
SF:D:\github\rs\physdes-rs\src\main.rs
FN:1,_RNvCshw3EbLKIiB8_10physdes_rs4main
FNDA:0,_RNvCshw3EbLKIiB8_10physdes_rs4main
FNF:1
FNH:0
DA:1,0
DA:2,0
DA:3,0
BRF:0
BRH:0
LF:3
LH:0
end_of_record
SF:D:\github\rs\physdes-rs\src\manhattan_arc.rs
FN:180,_RNvNtNtCsfTKb2dQLRng_7physdes13manhattan_arc5testss_12test_display
FN:186,_RNvNtNtCsfTKb2dQLRng_7physdes13manhattan_arc5testss_13test_equality
FN:210,_RNvNtNtCsfTKb2dQLRng_7physdes13manhattan_arc5testss_13test_min_dist
FN:195,_RNvNtNtCsfTKb2dQLRng_7physdes13manhattan_arc5testss_14test_construct
FN:202,_RNvNtNtCsfTKb2dQLRng_7physdes13manhattan_arc5testss_15test_from_point
FN:217,_RNvNtNtCsfTKb2dQLRng_7physdes13manhattan_arc5testss_17test_enlarge_with
FN:173,_RNvNtNtCsfTKb2dQLRng_7physdes13manhattan_arc5testss_20test_new_and_default
FN:73,_RNvMs4_NtCsfTKb2dQLRng_7physdes13manhattan_arcINtB5_12ManhattanArclE12enlarge_with
FN:67,_RNvMs4_NtCsfTKb2dQLRng_7physdes13manhattan_arcINtB5_12ManhattanArclE13min_dist_with
FN:33,_RNvMs0_NtCsfTKb2dQLRng_7physdes13manhattan_arcINtB5_12ManhattanArcINtNtB7_8interval8IntervallEE6xcoordB7_
FN:37,_RNvMs0_NtCsfTKb2dQLRng_7physdes13manhattan_arcINtB5_12ManhattanArcINtNtB7_8interval8IntervallEE6ycoordB7_
FN:33,_RNvMs0_NtCsfTKb2dQLRng_7physdes13manhattan_arcINtB5_12ManhattanArclE6xcoordB7_
FN:37,_RNvMs0_NtCsfTKb2dQLRng_7physdes13manhattan_arcINtB5_12ManhattanArclE6ycoordB7_
FN:43,_RNvMs1_NtCsfTKb2dQLRng_7physdes13manhattan_arcINtB5_12ManhattanArclE10from_pointB7_
FN:51,_RNvMs2_NtCsfTKb2dQLRng_7physdes13manhattan_arcINtB5_12ManhattanArclE9constructB7_
FN:24,_RNvMs_NtCsfTKb2dQLRng_7physdes13manhattan_arcINtB4_12ManhattanArcINtNtB6_8interval8IntervallEE3newB6_
FN:24,_RNvMs_NtCsfTKb2dQLRng_7physdes13manhattan_arcINtB4_12ManhattanArclE3newB6_
FN:59,_RNvXs3_NtCsfTKb2dQLRng_7physdes13manhattan_arcINtB5_12ManhattanArclENtNtCs4TwWhthMkYr_4core3fmt7Display3fmtB7_
FN:83,_RNvMs4_NtCsfTKb2dQLRng_7physdes13manhattan_arcINtB5_12ManhattanArclE10merge_with
FN:79,_RNvMs4_NtCsfTKb2dQLRng_7physdes13manhattan_arcINtB5_12ManhattanArclE16nearest_point_to
FN:152,_RNvMs5_NtCsfTKb2dQLRng_7physdes13manhattan_arcINtB5_12ManhattanArcINtNtB7_8interval8IntervallEE10merge_with
FN:112,_RNvMs5_NtCsfTKb2dQLRng_7physdes13manhattan_arcINtB5_12ManhattanArcINtNtB7_8interval8IntervallEE12enlarge_with
FN:102,_RNvMs5_NtCsfTKb2dQLRng_7physdes13manhattan_arcINtB5_12ManhattanArcINtNtB7_8interval8IntervallEE13min_dist_with
FN:108,_RNvMs5_NtCsfTKb2dQLRng_7physdes13manhattan_arcINtB5_12ManhattanArcINtNtB7_8interval8IntervallEE16enlarge_interval
FN:119,_RNvMs5_NtCsfTKb2dQLRng_7physdes13manhattan_arcINtB5_12ManhattanArcINtNtB7_8interval8IntervallEE16nearest_point_to
FN:15,_RNvXININtCsfTKb2dQLRng_7physdes13manhattan_arc0pEINtB5_12ManhattanArcpENtNtCs4TwWhthMkYr_4core7default7Default7defaultB7_
FNDA:1,_RNvNtNtCsfTKb2dQLRng_7physdes13manhattan_arc5testss_12test_display
FNDA:1,_RNvNtNtCsfTKb2dQLRng_7physdes13manhattan_arc5testss_13test_equality
FNDA:1,_RNvNtNtCsfTKb2dQLRng_7physdes13manhattan_arc5testss_13test_min_dist
FNDA:1,_RNvNtNtCsfTKb2dQLRng_7physdes13manhattan_arc5testss_14test_construct
FNDA:1,_RNvNtNtCsfTKb2dQLRng_7physdes13manhattan_arc5testss_15test_from_point
FNDA:1,_RNvNtNtCsfTKb2dQLRng_7physdes13manhattan_arc5testss_17test_enlarge_with
FNDA:1,_RNvNtNtCsfTKb2dQLRng_7physdes13manhattan_arc5testss_20test_new_and_default
FNDA:1,_RNvMs4_NtCsfTKb2dQLRng_7physdes13manhattan_arcINtB5_12ManhattanArclE12enlarge_with
FNDA:1,_RNvMs4_NtCsfTKb2dQLRng_7physdes13manhattan_arcINtB5_12ManhattanArclE13min_dist_with
FNDA:1,_RNvMs0_NtCsfTKb2dQLRng_7physdes13manhattan_arcINtB5_12ManhattanArcINtNtB7_8interval8IntervallEE6xcoordB7_
FNDA:1,_RNvMs0_NtCsfTKb2dQLRng_7physdes13manhattan_arcINtB5_12ManhattanArcINtNtB7_8interval8IntervallEE6ycoordB7_
FNDA:3,_RNvMs0_NtCsfTKb2dQLRng_7physdes13manhattan_arcINtB5_12ManhattanArclE6xcoordB7_
FNDA:3,_RNvMs0_NtCsfTKb2dQLRng_7physdes13manhattan_arcINtB5_12ManhattanArclE6ycoordB7_
FNDA:1,_RNvMs1_NtCsfTKb2dQLRng_7physdes13manhattan_arcINtB5_12ManhattanArclE10from_pointB7_
FNDA:1,_RNvMs2_NtCsfTKb2dQLRng_7physdes13manhattan_arcINtB5_12ManhattanArclE9constructB7_
FNDA:1,_RNvMs_NtCsfTKb2dQLRng_7physdes13manhattan_arcINtB4_12ManhattanArcINtNtB6_8interval8IntervallEE3newB6_
FNDA:8,_RNvMs_NtCsfTKb2dQLRng_7physdes13manhattan_arcINtB4_12ManhattanArclE3newB6_
FNDA:1,_RNvXs3_NtCsfTKb2dQLRng_7physdes13manhattan_arcINtB5_12ManhattanArclENtNtCs4TwWhthMkYr_4core3fmt7Display3fmtB7_
FNDA:0,_RNvMs4_NtCsfTKb2dQLRng_7physdes13manhattan_arcINtB5_12ManhattanArclE10merge_with
FNDA:0,_RNvMs4_NtCsfTKb2dQLRng_7physdes13manhattan_arcINtB5_12ManhattanArclE16nearest_point_to
FNDA:0,_RNvMs5_NtCsfTKb2dQLRng_7physdes13manhattan_arcINtB5_12ManhattanArcINtNtB7_8interval8IntervallEE10merge_with
FNDA:0,_RNvMs5_NtCsfTKb2dQLRng_7physdes13manhattan_arcINtB5_12ManhattanArcINtNtB7_8interval8IntervallEE12enlarge_with
FNDA:0,_RNvMs5_NtCsfTKb2dQLRng_7physdes13manhattan_arcINtB5_12ManhattanArcINtNtB7_8interval8IntervallEE13min_dist_with
FNDA:0,_RNvMs5_NtCsfTKb2dQLRng_7physdes13manhattan_arcINtB5_12ManhattanArcINtNtB7_8interval8IntervallEE16enlarge_interval
FNDA:0,_RNvMs5_NtCsfTKb2dQLRng_7physdes13manhattan_arcINtB5_12ManhattanArcINtNtB7_8interval8IntervallEE16nearest_point_to
FNDA:0,_RNvXININtCsfTKb2dQLRng_7physdes13manhattan_arc0pEINtB5_12ManhattanArcpENtNtCs4TwWhthMkYr_4core7default7Default7defaultB7_
FNF:23
FNH:15
DA:15,0
DA:16,0
DA:17,0
DA:18,0
DA:19,0
DA:24,9
DA:25,9
DA:26,9
DA:27,9
DA:28,9
DA:33,4
DA:34,4
DA:35,4
DA:37,4
DA:38,4
DA:39,4
DA:43,1
DA:44,1
DA:45,1
DA:46,1
DA:47,1
DA:51,1
DA:52,1
DA:53,1
DA:54,1
DA:55,1
DA:59,1
DA:60,1
DA:61,1
DA:67,1
DA:68,1
DA:69,1
DA:70,1
DA:71,1
DA:73,1
DA:74,1
DA:75,1
DA:76,1
DA:77,1
DA:79,0
DA:80,0
DA:81,0
DA:83,0
DA:84,0
DA:85,0
DA:86,0
DA:87,0
DA:88,0
DA:89,0
DA:91,0
DA:92,0
DA:93,0
DA:95,0
DA:96,0
DA:102,0
DA:103,0
DA:104,0
DA:105,0
DA:106,0
DA:108,0
DA:109,0
DA:110,0
DA:112,0
DA:113,0
DA:114,0
DA:115,0
DA:117,0
DA:119,0
DA:120,0
DA:121,0
DA:122,0
DA:123,0
DA:125,0
DA:126,0
DA:128,0
DA:129,0
DA:130,0
DA:131,0
DA:132,0
DA:135,0
DA:136,0
DA:137,0
DA:138,0
DA:139,0
DA:140,0
DA:141,0
DA:142,0
DA:143,0
DA:144,0
DA:145,0
DA:146,0
DA:147,0
DA:148,0
DA:149,0
DA:150,0
DA:152,0
DA:153,0
DA:154,0
DA:155,0
DA:156,0
DA:157,0
DA:158,0
DA:160,0
DA:161,0
DA:162,0
DA:164,0
DA:165,0
DA:173,1
DA:174,1
DA:175,1
DA:176,1
DA:177,1
DA:180,1
DA:181,1
DA:182,1
DA:183,1
DA:186,1
DA:187,1
DA:188,1
DA:189,1
DA:190,1
DA:191,1
DA:192,1
DA:195,1
DA:196,1
DA:197,1
DA:198,1
DA:199,1
DA:202,1
DA:203,1
DA:204,1
DA:205,1
DA:206,1
DA:207,1
DA:210,1
DA:211,1
DA:212,1
DA:213,1
DA:214,1
DA:217,1
DA:218,1
DA:219,1
DA:220,1
DA:221,1
DA:222,1
BRF:0
BRH:0
LF:145
LH:72
end_of_record
SF:D:\github\rs\physdes-rs\src\merge_obj.rs
FN:27,_RNvMNtCsfTKb2dQLRng_7physdes9merge_objINtB2_8MergeObjINtNtB4_8interval8IntervallEBP_E3newB4_
FN:33,_RNvMNtCsfTKb2dQLRng_7physdes9merge_objINtB2_8MergeObjllE9constructB4_
FN:84,_RNvMs0_NtCsfTKb2dQLRng_7physdes9merge_objINtB5_8MergeObjINtNtB7_8interval8IntervallEBS_E10merge_withB7_
FN:73,_RNvMs0_NtCsfTKb2dQLRng_7physdes9merge_objINtB5_8MergeObjINtNtB7_8interval8IntervallEBS_E12enlarge_withB7_
FN:79,_RNvMs0_NtCsfTKb2dQLRng_7physdes9merge_objINtB5_8MergeObjINtNtB7_8interval8IntervallEBS_E14intersect_withB7_
FN:60,_RNvMs_NtCsfTKb2dQLRng_7physdes9merge_objINtB4_8MergeObjINtNtB6_8interval8IntervallEBR_E13min_dist_withB6_
FN:60,_RNvMs_NtCsfTKb2dQLRng_7physdes9merge_objINtB4_8MergeObjllE13min_dist_withB6_
FN:117,_RNvNtNtCsfTKb2dQLRng_7physdes9merge_obj4tests_10test_merge
FN:131,_RNvNtNtCsfTKb2dQLRng_7physdes9merge_obj4tests_12test_merge_2
FN:107,_RNvNtNtCsfTKb2dQLRng_7physdes9merge_obj4tests_14test_merge_obj
FN:206,_RNvNtNtCsfTKb2dQLRng_7physdes9merge_obj4tests_26test_merge_with_more_cases
FN:177,_RNvNtNtCsfTKb2dQLRng_7physdes9merge_obj4tests_28test_enlarge_with_more_cases
FN:167,_RNvNtNtCsfTKb2dQLRng_7physdes9merge_obj4tests_29test_min_dist_with_more_cases
FN:188,_RNvNtNtCsfTKb2dQLRng_7physdes9merge_obj4tests_30test_intersect_with_more_cases
FN:50,_RNvMNtCsfTKb2dQLRng_7physdes9merge_objINtB2_8MergeObjppE8get_implB4_
FNDA:30,_RNvMNtCsfTKb2dQLRng_7physdes9merge_objINtB2_8MergeObjINtNtB4_8interval8IntervallEBP_E3newB4_
FNDA:5,_RNvMNtCsfTKb2dQLRng_7physdes9merge_objINtB2_8MergeObjllE9constructB4_
FNDA:2,_RNvMs0_NtCsfTKb2dQLRng_7physdes9merge_objINtB5_8MergeObjINtNtB7_8interval8IntervallEBS_E10merge_withB7_
FNDA:7,_RNvMs0_NtCsfTKb2dQLRng_7physdes9merge_objINtB5_8MergeObjINtNtB7_8interval8IntervallEBS_E12enlarge_withB7_
FNDA:5,_RNvMs0_NtCsfTKb2dQLRng_7physdes9merge_objINtB5_8MergeObjINtNtB7_8interval8IntervallEBS_E14intersect_withB7_
FNDA:2,_RNvMs_NtCsfTKb2dQLRng_7physdes9merge_objINtB4_8MergeObjINtNtB6_8interval8IntervallEBR_E13min_dist_withB6_
FNDA:3,_RNvMs_NtCsfTKb2dQLRng_7physdes9merge_objINtB4_8MergeObjllE13min_dist_withB6_
FNDA:1,_RNvNtNtCsfTKb2dQLRng_7physdes9merge_obj4tests_10test_merge
FNDA:1,_RNvNtNtCsfTKb2dQLRng_7physdes9merge_obj4tests_12test_merge_2
FNDA:1,_RNvNtNtCsfTKb2dQLRng_7physdes9merge_obj4tests_14test_merge_obj
FNDA:1,_RNvNtNtCsfTKb2dQLRng_7physdes9merge_obj4tests_26test_merge_with_more_cases
FNDA:1,_RNvNtNtCsfTKb2dQLRng_7physdes9merge_obj4tests_28test_enlarge_with_more_cases
FNDA:1,_RNvNtNtCsfTKb2dQLRng_7physdes9merge_obj4tests_29test_min_dist_with_more_cases
FNDA:1,_RNvNtNtCsfTKb2dQLRng_7physdes9merge_obj4tests_30test_intersect_with_more_cases
FNDA:0,_RNvMNtCsfTKb2dQLRng_7physdes9merge_objINtB2_8MergeObjppE8get_implB4_
FNF:14
FNH:13
DA:27,30
DA:28,30
DA:29,30
DA:30,30
DA:31,30
DA:33,5
DA:34,5
DA:35,5
DA:36,5
DA:50,0
DA:51,0
DA:52,0
DA:60,5
DA:61,5
DA:62,5
DA:63,5
DA:65,5
DA:73,7
DA:74,7
DA:75,7
DA:76,7
DA:77,7
DA:79,5
DA:80,5
DA:81,5
DA:82,5
DA:84,2
DA:85,2
DA:86,2
DA:87,2
DA:88,2
DA:89,2
DA:90,2
DA:107,1
DA:108,1
DA:109,1
DA:111,1
DA:112,1
DA:114,1
DA:117,1
DA:118,1
DA:119,1
DA:120,1
DA:121,1
DA:122,1
DA:123,1
DA:124,1
DA:126,1
DA:128,1
DA:131,1
DA:132,1
DA:133,1
DA:134,1
DA:135,1
DA:136,1
DA:137,1
DA:138,1
DA:139,1
DA:140,1
DA:141,1
DA:142,1
DA:143,1
DA:144,1
DA:145,1
DA:147,1
DA:149,1
DA:150,1
DA:152,1
DA:154,1
DA:155,1
DA:157,1
DA:159,1
DA:160,1
DA:162,1
DA:164,1
DA:167,1
DA:168,1
DA:169,1
DA:170,1
DA:172,1
DA:173,1
DA:174,1
DA:177,1
DA:178,1
DA:179,1
DA:180,1
DA:181,1
DA:183,1
DA:185,1
DA:188,1
DA:189,1
DA:190,1
DA:191,1
DA:192,1
DA:193,1
DA:194,1
DA:196,1
DA:199,1
DA:200,1
DA:201,1
DA:202,1
DA:203,1
DA:206,1
DA:207,1
DA:208,1
DA:209,1
DA:210,1
DA:211,1
DA:212,1
DA:214,1
DA:216,1
BRF:0
BRH:0
LF:111
LH:108
end_of_record
SF:D:\github\rs\physdes-rs\src\point.rs
FN:672,_RNvNtNtCsfTKb2dQLRng_7physdes5point4tests_10test_point
FN:572,_RNvNtNtCsfTKb2dQLRng_7physdes5point4tests_11test_consts
FN:681,_RNvNtNtCsfTKb2dQLRng_7physdes5point4tests_11test_point2
FN:601,_RNvNtNtCsfTKb2dQLRng_7physdes5point4tests_12test_contain
FN:803,_RNvNtNtCsfTKb2dQLRng_7physdes5point4tests_12test_display
FN:715,_RNvNtNtCsfTKb2dQLRng_7physdes5point4tests_12test_enlarge
FN:797,_RNvNtNtCsfTKb2dQLRng_7physdes5point4tests_12test_flip_xy
FN:594,_RNvNtNtCsfTKb2dQLRng_7physdes5point4tests_12test_overlap
FN:819,_RNvNtNtCsfTKb2dQLRng_7physdes5point4tests_14test_hull_more
FN:692,_RNvNtNtCsfTKb2dQLRng_7physdes5point4tests_14test_transform
FN:643,_RNvNtNtCsfTKb2dQLRng_7physdes5point4tests_15test_add_assign
FN:506,_RNvNtNtCsfTKb2dQLRng_7physdes5point4tests_15test_comparison
FN:661,_RNvNtNtCsfTKb2dQLRng_7physdes5point4tests_15test_neg_assign
FN:652,_RNvNtNtCsfTKb2dQLRng_7physdes5point4tests_15test_sub_assign
FN:705,_RNvNtNtCsfTKb2dQLRng_7physdes5point4tests_17test_displacement
FN:563,_RNvNtNtCsfTKb2dQLRng_7physdes5point4tests_17test_min_distance
FN:860,_RNvNtNtCsfTKb2dQLRng_7physdes5point4tests_18test_contains_more
FN:809,_RNvNtNtCsfTKb2dQLRng_7physdes5point4tests_18test_displace_more
FN:608,_RNvNtNtCsfTKb2dQLRng_7physdes5point4tests_18test_min_dist_with
FN:850,_RNvNtNtCsfTKb2dQLRng_7physdes5point4tests_18test_overlaps_more
FN:834,_RNvNtNtCsfTKb2dQLRng_7physdes5point4tests_19test_intersect_with
FN:790,_RNvNtNtCsfTKb2dQLRng_7physdes5point4tests_19test_min_dist_with2
FN:731,_RNvNtNtCsfTKb2dQLRng_7physdes5point4tests_20test_hull_more_cases
FN:770,_RNvNtNtCsfTKb2dQLRng_7physdes5point4tests_24test_contains_more_cases
FN:722,_RNvNtNtCsfTKb2dQLRng_7physdes5point4tests_24test_displace_more_cases
FN:760,_RNvNtNtCsfTKb2dQLRng_7physdes5point4tests_24test_overlaps_more_cases
FN:517,_RNvNtNtCsfTKb2dQLRng_7physdes5point4tests_25test_arithmetic_operators
FN:746,_RNvNtNtCsfTKb2dQLRng_7physdes5point4tests_30test_intersect_with_more_cases
FN:499,_RNvNtNtCsfTKb2dQLRng_7physdes5point4tests_31test_construction_and_accessors
FN:542,_RNvNtNtCsfTKb2dQLRng_7physdes5point4tests_38test_overlaps_contains_intersects_hull
FN:615,_RNvNtNtCsfTKb2dQLRng_7physdes5point4tests_8test_add
FN:633,_RNvNtNtCsfTKb2dQLRng_7physdes5point4tests_8test_neg
FN:624,_RNvNtNtCsfTKb2dQLRng_7physdes5point4tests_8test_sub
FN:532,_RNvNtNtCsfTKb2dQLRng_7physdes5point4tests_9test_flip
FN:584,_RNvNtNtCsfTKb2dQLRng_7physdes5point4tests_9test_hash
FN:780,_RNvNtNtCsfTKb2dQLRng_7physdes5point4tests_9test_hull
FN:574,_RNvNvNtNtCsfTKb2dQLRng_7physdes5point4tests_11test_consts4test
FN:67,_RNvMNtCsfTKb2dQLRng_7physdes5pointINtB2_5PointIBx_llEBI_E3newB4_
FN:67,_RNvMNtCsfTKb2dQLRng_7physdes5pointINtB2_5PointINtNtB4_8interval8IntervallEBI_E3newB4_
FN:67,_RNvMNtCsfTKb2dQLRng_7physdes5pointINtB2_5PointllE3newB4_
FN:130,_RNvMNtCsfTKb2dQLRng_7physdes5pointINtB2_5PointllE6flip_yB4_
FN:73,_RNvMNtCsfTKb2dQLRng_7physdes5pointINtB2_5PointllE6xcoordB4_
FN:79,_RNvMNtCsfTKb2dQLRng_7physdes5pointINtB2_5PointllE6ycoordB4_
FN:107,_RNvMNtCsfTKb2dQLRng_7physdes5pointINtB2_5PointllE7flip_xyB4_
FN:155,_RNvXs0_NtCsfTKb2dQLRng_7physdes5pointINtB5_5PointINtNtB7_8interval8IntervallEBL_EINtNtB7_7generic7OverlapBz_E8overlapsB7_
FN:155,_RNvXs0_NtCsfTKb2dQLRng_7physdes5pointINtB5_5PointINtNtB7_8interval8IntervallEBL_EINtNtB7_7generic7OverlapIBA_llEE8overlapsB7_
FN:155,_RNvXs0_NtCsfTKb2dQLRng_7physdes5pointINtB5_5PointllEINtNtB7_7generic7OverlapBz_E8overlapsB7_
FN:166,_RNvXs1_NtCsfTKb2dQLRng_7physdes5pointINtB5_5PointINtNtB7_8interval8IntervallEBL_EINtNtB7_7generic7ContainBz_E8containsB7_
FN:166,_RNvXs1_NtCsfTKb2dQLRng_7physdes5pointINtB5_5PointINtNtB7_8interval8IntervallEBL_EINtNtB7_7generic7ContainIBA_llEE8containsB7_
FN:166,_RNvXs1_NtCsfTKb2dQLRng_7physdes5pointINtB5_5PointllEINtNtB7_7generic7ContainBz_E8containsB7_
FN:177,_RNvXs2_NtCsfTKb2dQLRng_7physdes5pointINtB5_5PointINtNtB7_8interval8IntervallEBL_EINtNtB7_7generic7MinDistBz_E13min_dist_withB7_
FN:177,_RNvXs2_NtCsfTKb2dQLRng_7physdes5pointINtB5_5PointllEINtNtB7_7generic7MinDistBz_E13min_dist_withB7_
FN:190,_RNvXs3_NtCsfTKb2dQLRng_7physdes5pointINtB5_5PointllEINtNtB7_7generic12DisplacementBz_E8displaceB7_
FN:206,_RNvXs4_NtCsfTKb2dQLRng_7physdes5pointINtB5_5PointINtNtB7_8interval8IntervallEBL_EINtBO_4HullBz_E9hull_withB7_
FN:206,_RNvXs4_NtCsfTKb2dQLRng_7physdes5pointINtB5_5PointllEINtNtB7_8interval4HullBz_E9hull_withB7_
FN:222,_RNvXs5_NtCsfTKb2dQLRng_7physdes5pointINtB5_5PointINtNtB7_8interval8IntervallEBL_EINtBO_9IntersectBz_E14intersect_withB7_
FN:238,_RNvXs6_NtCsfTKb2dQLRng_7physdes5pointINtB5_5PointllEINtNtB7_8interval7EnlargelE12enlarge_withB7_
FN:317,_RNvXs7_NtCsfTKb2dQLRng_7physdes5pointINtB5_5PointllEINtNtNtCs4TwWhthMkYr_4core3ops5arith3AddINtNtB7_7vector27Vector2llEE3addB7_
FN:343,_RNvXs8_NtCsfTKb2dQLRng_7physdes5pointINtB5_5PointllEINtNtNtCs4TwWhthMkYr_4core3ops5arith3SubINtNtB7_7vector27Vector2llEE3subB7_
FN:367,_RNvXs9_NtCsfTKb2dQLRng_7physdes5pointINtB5_5PointllENtNtNtCs4TwWhthMkYr_4core3ops5arith3Sub3subB7_
FN:144,_RNvXs_NtCsfTKb2dQLRng_7physdes5pointINtB4_5PointllENtNtCs4TwWhthMkYr_4core3fmt7Display3fmtB6_
FN:379,_RNvXsa_NtCsfTKb2dQLRng_7physdes5pointINtB5_5PointllEINtNtNtCs4TwWhthMkYr_4core3ops5arith9AddAssignINtNtB7_7vector27Vector2llEE10add_assignB7_
FN:390,_RNvXsb_NtCsfTKb2dQLRng_7physdes5pointINtB5_5PointllEINtNtNtCs4TwWhthMkYr_4core3ops5arith9SubAssignINtNtB7_7vector27Vector2llEE10sub_assignB7_
FN:433,_RNvXse_NtCsfTKb2dQLRng_7physdes5pointINtB5_5PointllENtNtNtCs4TwWhthMkYr_4core3ops5arith3Neg3negB7_
FN:450,_RINvNtCsfTKb2dQLRng_7physdes5point4hashpEB4_
FN:85,_RNvMNtCsfTKb2dQLRng_7physdes5pointINtB2_5PointppE10xcoord_mutB4_
FN:91,_RNvMNtCsfTKb2dQLRng_7physdes5pointINtB2_5PointppE10ycoord_mutB4_
FN:401,_RNvXININtCsfTKb2dQLRng_7physdes5pointsc_0ppEINtB5_5PointppEINtNtNtCs4TwWhthMkYr_4core3ops5arith9AddAssignRINtNtB7_7vector27Vector2ppEE10add_assignB7_
FN:412,_RNvXININtCsfTKb2dQLRng_7physdes5pointsd_0ppEINtB5_5PointppEINtNtNtCs4TwWhthMkYr_4core3ops5arith9SubAssignRINtNtB7_7vector27Vector2ppEE10sub_assignB7_
FN:444,_RNvXININtCsfTKb2dQLRng_7physdes5pointsf_0ppERINtB5_5PointppENtNtNtCs4TwWhthMkYr_4core3ops5arith3Neg3negB7_
FN:255,_RNvXININtCsfTKb2dQLRng_7physdes5pointsq_0ppERINtB5_5PointppEINtNtNtCs4TwWhthMkYr_4core3ops5arith3AddRINtNtB7_7vector27Vector2ppEE3addB7_
FN:268,_RNvXININtCsfTKb2dQLRng_7physdes5pointsr_0ppERINtB5_5PointppEINtNtNtCs4TwWhthMkYr_4core3ops5arith3AddINtNtB7_7vector27Vector2ppEE3addB7_
FN:281,_RNvXININtCsfTKb2dQLRng_7physdes5pointss_0ppEINtB5_5PointppEINtNtNtCs4TwWhthMkYr_4core3ops5arith3AddRINtNtB7_7vector27Vector2ppEE3addB7_
FN:255,_RNvXININtCsfTKb2dQLRng_7physdes5pointst_0ppERINtB5_5PointppEINtNtNtCs4TwWhthMkYr_4core3ops5arith3SubRINtNtB7_7vector27Vector2ppEE3subB7_
FN:268,_RNvXININtCsfTKb2dQLRng_7physdes5pointsu_0ppERINtB5_5PointppEINtNtNtCs4TwWhthMkYr_4core3ops5arith3SubINtNtB7_7vector27Vector2ppEE3subB7_
FN:281,_RNvXININtCsfTKb2dQLRng_7physdes5pointsv_0ppEINtB5_5PointppEINtNtNtCs4TwWhthMkYr_4core3ops5arith3SubRINtNtB7_7vector27Vector2ppEE3subB7_
FN:492,_RINvNtNtCsfTKb2dQLRng_7physdes5point4test4hashINtB4_5PointllEEB6_
FNDA:1,_RNvNtNtCsfTKb2dQLRng_7physdes5point4tests_10test_point
FNDA:1,_RNvNtNtCsfTKb2dQLRng_7physdes5point4tests_11test_consts
FNDA:1,_RNvNtNtCsfTKb2dQLRng_7physdes5point4tests_11test_point2
FNDA:1,_RNvNtNtCsfTKb2dQLRng_7physdes5point4tests_12test_contain
FNDA:1,_RNvNtNtCsfTKb2dQLRng_7physdes5point4tests_12test_display
FNDA:1,_RNvNtNtCsfTKb2dQLRng_7physdes5point4tests_12test_enlarge
FNDA:1,_RNvNtNtCsfTKb2dQLRng_7physdes5point4tests_12test_flip_xy
FNDA:1,_RNvNtNtCsfTKb2dQLRng_7physdes5point4tests_12test_overlap
FNDA:1,_RNvNtNtCsfTKb2dQLRng_7physdes5point4tests_14test_hull_more
FNDA:1,_RNvNtNtCsfTKb2dQLRng_7physdes5point4tests_14test_transform
FNDA:1,_RNvNtNtCsfTKb2dQLRng_7physdes5point4tests_15test_add_assign
FNDA:1,_RNvNtNtCsfTKb2dQLRng_7physdes5point4tests_15test_comparison
FNDA:1,_RNvNtNtCsfTKb2dQLRng_7physdes5point4tests_15test_neg_assign
FNDA:1,_RNvNtNtCsfTKb2dQLRng_7physdes5point4tests_15test_sub_assign
FNDA:1,_RNvNtNtCsfTKb2dQLRng_7physdes5point4tests_17test_displacement
FNDA:1,_RNvNtNtCsfTKb2dQLRng_7physdes5point4tests_17test_min_distance
FNDA:1,_RNvNtNtCsfTKb2dQLRng_7physdes5point4tests_18test_contains_more
FNDA:1,_RNvNtNtCsfTKb2dQLRng_7physdes5point4tests_18test_displace_more
FNDA:1,_RNvNtNtCsfTKb2dQLRng_7physdes5point4tests_18test_min_dist_with
FNDA:1,_RNvNtNtCsfTKb2dQLRng_7physdes5point4tests_18test_overlaps_more
FNDA:1,_RNvNtNtCsfTKb2dQLRng_7physdes5point4tests_19test_intersect_with
FNDA:1,_RNvNtNtCsfTKb2dQLRng_7physdes5point4tests_19test_min_dist_with2
FNDA:1,_RNvNtNtCsfTKb2dQLRng_7physdes5point4tests_20test_hull_more_cases
FNDA:1,_RNvNtNtCsfTKb2dQLRng_7physdes5point4tests_24test_contains_more_cases
FNDA:1,_RNvNtNtCsfTKb2dQLRng_7physdes5point4tests_24test_displace_more_cases
FNDA:1,_RNvNtNtCsfTKb2dQLRng_7physdes5point4tests_24test_overlaps_more_cases
FNDA:1,_RNvNtNtCsfTKb2dQLRng_7physdes5point4tests_25test_arithmetic_operators
FNDA:1,_RNvNtNtCsfTKb2dQLRng_7physdes5point4tests_30test_intersect_with_more_cases
FNDA:1,_RNvNtNtCsfTKb2dQLRng_7physdes5point4tests_31test_construction_and_accessors
FNDA:1,_RNvNtNtCsfTKb2dQLRng_7physdes5point4tests_38test_overlaps_contains_intersects_hull
FNDA:1,_RNvNtNtCsfTKb2dQLRng_7physdes5point4tests_8test_add
FNDA:1,_RNvNtNtCsfTKb2dQLRng_7physdes5point4tests_8test_neg
FNDA:1,_RNvNtNtCsfTKb2dQLRng_7physdes5point4tests_8test_sub
FNDA:1,_RNvNtNtCsfTKb2dQLRng_7physdes5point4tests_9test_flip
FNDA:1,_RNvNtNtCsfTKb2dQLRng_7physdes5point4tests_9test_hash
FNDA:1,_RNvNtNtCsfTKb2dQLRng_7physdes5point4tests_9test_hull
FNDA:4,_RNvNvNtNtCsfTKb2dQLRng_7physdes5point4tests_11test_consts4test
FNDA:1,_RNvMNtCsfTKb2dQLRng_7physdes5pointINtB2_5PointIBx_llEBI_E3newB4_
FNDA:82,_RNvMNtCsfTKb2dQLRng_7physdes5pointINtB2_5PointINtNtB4_8interval8IntervallEBI_E3newB4_
FNDA:1209,_RNvMNtCsfTKb2dQLRng_7physdes5pointINtB2_5PointllE3newB4_
FNDA:1,_RNvMNtCsfTKb2dQLRng_7physdes5pointINtB2_5PointllE6flip_yB4_
FNDA:1,_RNvMNtCsfTKb2dQLRng_7physdes5pointINtB2_5PointllE6xcoordB4_
FNDA:31,_RNvMNtCsfTKb2dQLRng_7physdes5pointINtB2_5PointllE6ycoordB4_
FNDA:3,_RNvMNtCsfTKb2dQLRng_7physdes5pointINtB2_5PointllE7flip_xyB4_
FNDA:6,_RNvXs0_NtCsfTKb2dQLRng_7physdes5pointINtB5_5PointINtNtB7_8interval8IntervallEBL_EINtNtB7_7generic7OverlapBz_E8overlapsB7_
FNDA:3,_RNvXs0_NtCsfTKb2dQLRng_7physdes5pointINtB5_5PointINtNtB7_8interval8IntervallEBL_EINtNtB7_7generic7OverlapIBA_llEE8overlapsB7_
FNDA:1,_RNvXs0_NtCsfTKb2dQLRng_7physdes5pointINtB5_5PointllEINtNtB7_7generic7OverlapBz_E8overlapsB7_
FNDA:4,_RNvXs1_NtCsfTKb2dQLRng_7physdes5pointINtB5_5PointINtNtB7_8interval8IntervallEBL_EINtNtB7_7generic7ContainBz_E8containsB7_
FNDA:4,_RNvXs1_NtCsfTKb2dQLRng_7physdes5pointINtB5_5PointINtNtB7_8interval8IntervallEBL_EINtNtB7_7generic7ContainIBA_llEE8containsB7_
FNDA:1,_RNvXs1_NtCsfTKb2dQLRng_7physdes5pointINtB5_5PointllEINtNtB7_7generic7ContainBz_E8containsB7_
FNDA:1,_RNvXs2_NtCsfTKb2dQLRng_7physdes5pointINtB5_5PointINtNtB7_8interval8IntervallEBL_EINtNtB7_7generic7MinDistBz_E13min_dist_withB7_
FNDA:2,_RNvXs2_NtCsfTKb2dQLRng_7physdes5pointINtB5_5PointllEINtNtB7_7generic7MinDistBz_E13min_dist_withB7_
FNDA:8,_RNvXs3_NtCsfTKb2dQLRng_7physdes5pointINtB5_5PointllEINtNtB7_7generic12DisplacementBz_E8displaceB7_
FNDA:1,_RNvXs4_NtCsfTKb2dQLRng_7physdes5pointINtB5_5PointINtNtB7_8interval8IntervallEBL_EINtBO_4HullBz_E9hull_withB7_
FNDA:5,_RNvXs4_NtCsfTKb2dQLRng_7physdes5pointINtB5_5PointllEINtNtB7_8interval4HullBz_E9hull_withB7_
FNDA:11,_RNvXs5_NtCsfTKb2dQLRng_7physdes5pointINtB5_5PointINtNtB7_8interval8IntervallEBL_EINtBO_9IntersectBz_E14intersect_withB7_
FNDA:1,_RNvXs6_NtCsfTKb2dQLRng_7physdes5pointINtB5_5PointllEINtNtB7_8interval7EnlargelE12enlarge_withB7_
FNDA:239,_RNvXs7_NtCsfTKb2dQLRng_7physdes5pointINtB5_5PointllEINtNtNtCs4TwWhthMkYr_4core3ops5arith3AddINtNtB7_7vector27Vector2llEE3addB7_
FNDA:207,_RNvXs8_NtCsfTKb2dQLRng_7physdes5pointINtB5_5PointllEINtNtNtCs4TwWhthMkYr_4core3ops5arith3SubINtNtB7_7vector27Vector2llEE3subB7_
FNDA:435,_RNvXs9_NtCsfTKb2dQLRng_7physdes5pointINtB5_5PointllENtNtNtCs4TwWhthMkYr_4core3ops5arith3Sub3subB7_
FNDA:1,_RNvXs_NtCsfTKb2dQLRng_7physdes5pointINtB4_5PointllENtNtCs4TwWhthMkYr_4core3fmt7Display3fmtB6_
FNDA:6,_RNvXsa_NtCsfTKb2dQLRng_7physdes5pointINtB5_5PointllEINtNtNtCs4TwWhthMkYr_4core3ops5arith9AddAssignINtNtB7_7vector27Vector2llEE10add_assignB7_
FNDA:7,_RNvXsb_NtCsfTKb2dQLRng_7physdes5pointINtB5_5PointllEINtNtNtCs4TwWhthMkYr_4core3ops5arith9SubAssignINtNtB7_7vector27Vector2llEE10sub_assignB7_
FNDA:9,_RNvXse_NtCsfTKb2dQLRng_7physdes5pointINtB5_5PointllENtNtNtCs4TwWhthMkYr_4core3ops5arith3Neg3negB7_
FNDA:0,_RINvNtCsfTKb2dQLRng_7physdes5point4hashpEB4_
FNDA:0,_RNvMNtCsfTKb2dQLRng_7physdes5pointINtB2_5PointppE10xcoord_mutB4_
FNDA:0,_RNvMNtCsfTKb2dQLRng_7physdes5pointINtB2_5PointppE10ycoord_mutB4_
FNDA:0,_RNvXININtCsfTKb2dQLRng_7physdes5pointsc_0ppEINtB5_5PointppEINtNtNtCs4TwWhthMkYr_4core3ops5arith9AddAssignRINtNtB7_7vector27Vector2ppEE10add_assignB7_
FNDA:0,_RNvXININtCsfTKb2dQLRng_7physdes5pointsd_0ppEINtB5_5PointppEINtNtNtCs4TwWhthMkYr_4core3ops5arith9SubAssignRINtNtB7_7vector27Vector2ppEE10sub_assignB7_
FNDA:0,_RNvXININtCsfTKb2dQLRng_7physdes5pointsf_0ppERINtB5_5PointppENtNtNtCs4TwWhthMkYr_4core3ops5arith3Neg3negB7_
FNDA:0,_RNvXININtCsfTKb2dQLRng_7physdes5pointsq_0ppERINtB5_5PointppEINtNtNtCs4TwWhthMkYr_4core3ops5arith3AddRINtNtB7_7vector27Vector2ppEE3addB7_
FNDA:0,_RNvXININtCsfTKb2dQLRng_7physdes5pointsr_0ppERINtB5_5PointppEINtNtNtCs4TwWhthMkYr_4core3ops5arith3AddINtNtB7_7vector27Vector2ppEE3addB7_
FNDA:0,_RNvXININtCsfTKb2dQLRng_7physdes5pointss_0ppEINtB5_5PointppEINtNtNtCs4TwWhthMkYr_4core3ops5arith3AddRINtNtB7_7vector27Vector2ppEE3addB7_
FNDA:0,_RNvXININtCsfTKb2dQLRng_7physdes5pointst_0ppERINtB5_5PointppEINtNtNtCs4TwWhthMkYr_4core3ops5arith3SubRINtNtB7_7vector27Vector2ppEE3subB7_
FNDA:0,_RNvXININtCsfTKb2dQLRng_7physdes5pointsu_0ppERINtB5_5PointppEINtNtNtCs4TwWhthMkYr_4core3ops5arith3SubINtNtB7_7vector27Vector2ppEE3subB7_
FNDA:0,_RNvXININtCsfTKb2dQLRng_7physdes5pointsv_0ppEINtB5_5PointppEINtNtNtCs4TwWhthMkYr_4core3ops5arith3SubRINtNtB7_7vector27Vector2ppEE3subB7_
FNDA:6,_RINvNtNtCsfTKb2dQLRng_7physdes5point4test4hashINtB4_5PointllEEB6_
FNF:66
FNH:57
DA:67,1292
DA:68,1292
DA:69,1292
DA:73,1
DA:74,1
DA:75,1
DA:79,31
DA:80,31
DA:81,31
DA:85,0
DA:86,0
DA:87,0
DA:91,0
DA:92,0
DA:93,0
DA:107,3
DA:108,3
DA:109,3
DA:110,3
DA:112,3
DA:113,3
DA:114,3
DA:115,3
DA:116,3
DA:130,1
DA:131,1
DA:132,1
DA:133,1
DA:135,1
DA:136,1
DA:137,1
DA:138,1
DA:139,1
DA:144,1
DA:145,1
DA:146,1
DA:155,10
DA:156,10
DA:157,10
DA:166,9
DA:167,9
DA:168,9
DA:177,3
DA:178,3
DA:179,3
DA:190,8
DA:191,8
DA:192,8
DA:193,8
DA:195,8
DA:206,6
DA:207,6
DA:208,6
DA:209,6
DA:211,6
DA:222,11
DA:223,11
DA:224,11
DA:225,11
DA:227,11
DA:238,1
DA:239,1
DA:240,1
DA:241,1
DA:243,1
DA:255,0
DA:256,0
DA:257,0
DA:268,0
DA:269,0
DA:270,0
DA:281,0
DA:282,0
DA:283,0
DA:317,239
DA:318,239
DA:319,239
DA:343,207
DA:344,207
DA:345,207
DA:367,435
DA:368,435
DA:369,435
DA:379,6
DA:380,6
DA:381,6
DA:382,6
DA:390,7
DA:391,7
DA:392,7
DA:393,7
DA:401,0
DA:402,0
DA:403,0
DA:404,0
DA:412,0
DA:413,0
DA:414,0
DA:415,0
DA:433,9
DA:434,9
DA:435,9
DA:444,0
DA:445,0
DA:446,0
DA:450,0
DA:453,0
DA:454,0
DA:455,0
DA:456,0
DA:492,6
DA:493,6
DA:494,6
DA:495,6
DA:496,6
DA:499,1
DA:500,1
DA:501,1
DA:502,1
DA:503,1
DA:506,1
DA:507,1
DA:508,1
DA:509,1
DA:511,1
DA:512,1
DA:513,1
DA:514,1
DA:517,1
DA:518,1
DA:519,1
DA:520,1
DA:521,1
DA:523,1
DA:524,1
DA:525,1
DA:527,1
DA:528,1
DA:529,1
DA:532,1
DA:533,1
DA:534,1
DA:535,1
DA:537,1
DA:538,1
DA:539,1
DA:542,1
DA:543,1
DA:544,1
DA:545,1
DA:547,1
DA:548,1
DA:550,1
DA:551,1
DA:553,1
DA:554,1
DA:555,1
DA:557,1
DA:558,1
DA:559,1
DA:560,1
DA:563,1
DA:564,1
DA:565,1
DA:567,1
DA:568,1
DA:569,1
DA:572,1
DA:574,4
DA:575,4
DA:576,4
DA:577,1
DA:578,1
DA:579,1
DA:580,1
DA:581,1
DA:584,1
DA:585,1
DA:586,1
DA:587,1
DA:588,1
DA:589,1
DA:590,1
DA:591,1
DA:594,1
DA:595,1
DA:596,1
DA:597,1
DA:598,1
DA:601,1
DA:602,1
DA:603,1
DA:604,1
DA:605,1
DA:608,1
DA:609,1
DA:610,1
DA:611,1
DA:612,1
DA:615,1
DA:616,1
DA:617,1
DA:618,1
DA:619,1
DA:620,1
DA:621,1
DA:624,1
DA:625,1
DA:626,1
DA:627,1
DA:628,1
DA:629,1
DA:630,1
DA:633,1
DA:634,1
DA:635,1
DA:636,1
DA:637,1
DA:638,1
DA:639,1
DA:640,1
DA:643,1
DA:644,1
DA:645,1
DA:646,1
DA:647,1
DA:648,1
DA:649,1
DA:652,1
DA:653,1
DA:654,1
DA:655,1
DA:656,1
DA:657,1
DA:658,1
DA:661,1
DA:662,1
DA:663,1
DA:664,1
DA:665,1
DA:666,1
DA:667,1
DA:668,1
DA:669,1
DA:672,1
DA:673,1
DA:674,1
DA:675,1
DA:676,1
DA:677,1
DA:678,1
DA:681,1
DA:682,1
DA:683,1
DA:684,1
DA:685,1
DA:686,1
DA:687,1
DA:688,1
DA:689,1
DA:692,1
DA:693,1
DA:694,1
DA:695,1
DA:696,1
DA:697,1
DA:698,1
DA:699,1
DA:700,1
DA:701,1
DA:702,1
DA:705,1
DA:706,1
DA:707,1
DA:708,1
DA:709,1
DA:710,1
DA:711,1
DA:712,1
DA:715,1
DA:716,1
DA:717,1
DA:718,1
DA:719,1
DA:722,1
DA:723,1
DA:724,1
DA:725,1
DA:726,1
DA:727,1
DA:728,1
DA:731,1
DA:732,1
DA:733,1
DA:734,1
DA:735,1
DA:736,1
DA:738,1
DA:739,1
DA:740,1
DA:741,1
DA:743,1
DA:746,1
DA:747,1
DA:748,1
DA:749,1
DA:750,1
DA:751,1
DA:754,1
DA:755,1
DA:756,1
DA:757,1
DA:760,1
DA:761,1
DA:762,1
DA:763,1
DA:765,1
DA:766,1
DA:767,1
DA:770,1
DA:771,1
DA:772,1
DA:773,1
DA:775,1
DA:776,1
DA:777,1
DA:780,1
DA:781,1
DA:782,1
DA:783,1
DA:784,1
DA:785,1
DA:787,1
DA:790,1
DA:791,1
DA:792,1
DA:793,1
DA:794,1
DA:797,1
DA:798,1
DA:799,1
DA:800,1
DA:803,1
DA:804,1
DA:805,1
DA:806,1
DA:809,1
DA:810,1
DA:811,1
DA:812,1
DA:813,1
DA:814,1
DA:815,1
DA:816,1
DA:819,1
DA:820,1
DA:821,1
DA:822,1
DA:823,1
DA:824,1
DA:825,1
DA:827,1
DA:828,1
DA:829,1
DA:831,1
DA:834,1
DA:835,1
DA:836,1
DA:837,1
DA:839,1
DA:840,1
DA:841,1
DA:843,1
DA:844,1
DA:845,1
DA:847,1
DA:850,1
DA:851,1
DA:852,1
DA:853,1
DA:855,1
DA:856,1
DA:857,1
DA:860,1
DA:861,1
DA:862,1
DA:863,1
DA:865,1
DA:866,1
DA:867,1
BRF:0
BRH:0
LF:390
LH:359
end_of_record
SF:D:\github\rs\physdes-rs\src\polygon.rs
FN:1073,_RNvNtCsfTKb2dQLRng_7physdes7polygons_20test_polygon_default
FN:1013,_RNvNtCsfTKb2dQLRng_7physdes7polygons_21test_polygon_vertices
FN:1032,_RNvNtCsfTKb2dQLRng_7physdes7polygons_23test_polygon_add_assign
FN:1050,_RNvNtCsfTKb2dQLRng_7physdes7polygons_23test_polygon_partial_eq
FN:1041,_RNvNtCsfTKb2dQLRng_7physdes7polygons_23test_polygon_sub_assign
FN:1022,_RNvNtCsfTKb2dQLRng_7physdes7polygons_25test_polygon_bounding_box
FN:1004,_RNvNtCsfTKb2dQLRng_7physdes7polygons_27test_polygon_signed_area_x2
FN:1088,_RNvNtCsfTKb2dQLRng_7physdes7polygons_31test_create_mono_polygon_custom
FN:1079,_RNvNtCsfTKb2dQLRng_7physdes7polygons_31test_polygon_is_monotone_custom
FN:1064,_RNvNtCsfTKb2dQLRng_7physdes7polygons_36test_polygon_from_origin_and_vectors
FN:1105,_RNvNtCsfTKb2dQLRng_7physdes7polygons_36test_polygon_signed_area_x2_triangle
FN:1097,_RNvNtCsfTKb2dQLRng_7physdes7polygons_38test_polygon_empty_vecs_is_rectilinear
FN:642,_RINvNtCsfTKb2dQLRng_7physdes7polygon16point_in_polygonlEB4_
FN:480,_RINvNtCsfTKb2dQLRng_7physdes7polygon19create_mono_polygonlNCINvB2_20create_xmono_polygonlE0EB4_
FN:480,_RINvNtCsfTKb2dQLRng_7physdes7polygon19create_mono_polygonlNCINvB2_20create_ymono_polygonlE0EB4_
FN:480,_RINvNtCsfTKb2dQLRng_7physdes7polygon19create_mono_polygonlNCNvB2_s_31test_create_mono_polygon_customs_0EB4_
FN:579,_RINvNtCsfTKb2dQLRng_7physdes7polygon19polygon_is_monotonelNCINvB2_20polygon_is_xmonotonelE0EB4_
FN:579,_RINvNtCsfTKb2dQLRng_7physdes7polygon19polygon_is_monotonelNCINvB2_20polygon_is_ymonotonelE0EB4_
FN:579,_RINvNtCsfTKb2dQLRng_7physdes7polygon19polygon_is_monotonelNCNvB2_s_31test_polygon_is_monotone_customs_0EB4_
FN:535,_RINvNtCsfTKb2dQLRng_7physdes7polygon20create_xmono_polygonlEB4_
FN:571,_RINvNtCsfTKb2dQLRng_7physdes7polygon20create_ymono_polygonlEB4_
FN:626,_RINvNtCsfTKb2dQLRng_7physdes7polygon20polygon_is_xmonotonelEB4_
FN:634,_RINvNtCsfTKb2dQLRng_7physdes7polygon20polygon_is_ymonotonelEB4_
FN:674,_RINvNtCsfTKb2dQLRng_7physdes7polygon24polygon_is_anticlockwiselEB4_
FN:487,_RNCINvNtCsfTKb2dQLRng_7physdes7polygon19create_mono_polygonlNCINvB4_20create_xmono_polygonlE0E0B6_
FN:497,_RNCINvNtCsfTKb2dQLRng_7physdes7polygon19create_mono_polygonlNCINvB4_20create_xmono_polygonlE0Es0_0B6_
FN:499,_RNCINvNtCsfTKb2dQLRng_7physdes7polygon19create_mono_polygonlNCINvB4_20create_xmono_polygonlE0Es1_0B6_
FN:500,_RNCINvNtCsfTKb2dQLRng_7physdes7polygon19create_mono_polygonlNCINvB4_20create_xmono_polygonlE0Es2_0B6_
FN:491,_RNCINvNtCsfTKb2dQLRng_7physdes7polygon19create_mono_polygonlNCINvB4_20create_xmono_polygonlE0Es_0B6_
FN:487,_RNCINvNtCsfTKb2dQLRng_7physdes7polygon19create_mono_polygonlNCINvB4_20create_ymono_polygonlE0E0B6_
FN:497,_RNCINvNtCsfTKb2dQLRng_7physdes7polygon19create_mono_polygonlNCINvB4_20create_ymono_polygonlE0Es0_0B6_
FN:499,_RNCINvNtCsfTKb2dQLRng_7physdes7polygon19create_mono_polygonlNCINvB4_20create_ymono_polygonlE0Es1_0B6_
FN:500,_RNCINvNtCsfTKb2dQLRng_7physdes7polygon19create_mono_polygonlNCINvB4_20create_ymono_polygonlE0Es2_0B6_
FN:491,_RNCINvNtCsfTKb2dQLRng_7physdes7polygon19create_mono_polygonlNCINvB4_20create_ymono_polygonlE0Es_0B6_
FN:487,_RNCINvNtCsfTKb2dQLRng_7physdes7polygon19create_mono_polygonlNCNvB4_s_31test_create_mono_polygon_customs_0E0B6_
FN:497,_RNCINvNtCsfTKb2dQLRng_7physdes7polygon19create_mono_polygonlNCNvB4_s_31test_create_mono_polygon_customs_0Es0_0B6_
FN:499,_RNCINvNtCsfTKb2dQLRng_7physdes7polygon19create_mono_polygonlNCNvB4_s_31test_create_mono_polygon_customs_0Es1_0B6_
FN:500,_RNCINvNtCsfTKb2dQLRng_7physdes7polygon19create_mono_polygonlNCNvB4_s_31test_create_mono_polygon_customs_0Es2_0B6_
FN:491,_RNCINvNtCsfTKb2dQLRng_7physdes7polygon19create_mono_polygonlNCNvB4_s_31test_create_mono_polygon_customs_0Es_0B6_
FN:591,_RNCINvNtCsfTKb2dQLRng_7physdes7polygon19polygon_is_monotonelNCINvB4_20polygon_is_xmonotonelE0E0B6_
FN:597,_RNCINvNtCsfTKb2dQLRng_7physdes7polygon19polygon_is_monotonelNCINvB4_20polygon_is_xmonotonelE0Es_0B6_
FN:591,_RNCINvNtCsfTKb2dQLRng_7physdes7polygon19polygon_is_monotonelNCINvB4_20polygon_is_ymonotonelE0E0B6_
FN:597,_RNCINvNtCsfTKb2dQLRng_7physdes7polygon19polygon_is_monotonelNCINvB4_20polygon_is_ymonotonelE0Es_0B6_
FN:591,_RNCINvNtCsfTKb2dQLRng_7physdes7polygon19polygon_is_monotonelNCNvB4_s_31test_polygon_is_monotone_customs_0E0B6_
FN:597,_RNCINvNtCsfTKb2dQLRng_7physdes7polygon19polygon_is_monotonelNCNvB4_s_31test_polygon_is_monotone_customs_0Es_0B6_
FN:539,_RNCINvNtCsfTKb2dQLRng_7physdes7polygon20create_xmono_polygonlE0B6_
FN:575,_RNCINvNtCsfTKb2dQLRng_7physdes7polygon20create_ymono_polygonlE0B6_
FN:630,_RNCINvNtCsfTKb2dQLRng_7physdes7polygon20polygon_is_xmonotonelE0B6_
FN:638,_RNCINvNtCsfTKb2dQLRng_7physdes7polygon20polygon_is_ymonotonelE0B6_
FN:686,_RNCINvNtCsfTKb2dQLRng_7physdes7polygon24polygon_is_anticlockwiselE0B6_
FN:381,_RNCNvMNtCsfTKb2dQLRng_7physdes7polygonINtB4_7PolygonlE16is_anticlockwise0B6_
FN:79,_RNCNvMNtCsfTKb2dQLRng_7physdes7polygonINtB4_7PolygonlE3new0B6_
FN:1015,_RNCNvNtCsfTKb2dQLRng_7physdes7polygons_21test_polygon_vertices0B5_
FN:1034,_RNCNvNtCsfTKb2dQLRng_7physdes7polygons_23test_polygon_add_assign0B5_
FN:1052,_RNCNvNtCsfTKb2dQLRng_7physdes7polygons_23test_polygon_partial_eq0B5_
FN:1058,_RNCNvNtCsfTKb2dQLRng_7physdes7polygons_23test_polygon_partial_eqs_0B5_
FN:1043,_RNCNvNtCsfTKb2dQLRng_7physdes7polygons_23test_polygon_sub_assign0B5_
FN:1024,_RNCNvNtCsfTKb2dQLRng_7physdes7polygons_25test_polygon_bounding_box0B5_
FN:1007,_RNCNvNtCsfTKb2dQLRng_7physdes7polygons_27test_polygon_signed_area_x20B5_
FN:1091,_RNCNvNtCsfTKb2dQLRng_7physdes7polygons_31test_create_mono_polygon_custom0B5_
FN:1092,_RNCNvNtCsfTKb2dQLRng_7physdes7polygons_31test_create_mono_polygon_customs_0B5_
FN:1082,_RNCNvNtCsfTKb2dQLRng_7physdes7polygons_31test_polygon_is_monotone_custom0B5_
FN:1084,_RNCNvNtCsfTKb2dQLRng_7physdes7polygons_31test_polygon_is_monotone_customs_0B5_
FN:1108,_RNCNvNtCsfTKb2dQLRng_7physdes7polygons_36test_polygon_signed_area_x2_triangle0B5_
FN:186,_RNvMNtCsfTKb2dQLRng_7physdes7polygonINtB2_7PolygonlE10add_assignB4_
FN:194,_RNvMNtCsfTKb2dQLRng_7physdes7polygonINtB2_7PolygonlE10sub_assignB4_
FN:285,_RNvMNtCsfTKb2dQLRng_7physdes7polygonINtB2_7PolygonlE12bounding_boxB4_
FN:251,_RNvMNtCsfTKb2dQLRng_7physdes7polygonINtB2_7PolygonlE12get_verticesB4_
FN:97,_RNvMNtCsfTKb2dQLRng_7physdes7polygonINtB2_7PolygonlE13from_pointsetB4_
FN:340,_RNvMNtCsfTKb2dQLRng_7physdes7polygonINtB2_7PolygonlE14is_rectilinearB4_
FN:226,_RNvMNtCsfTKb2dQLRng_7physdes7polygonINtB2_7PolygonlE14signed_area_x2B4_
FN:365,_RNvMNtCsfTKb2dQLRng_7physdes7polygonINtB2_7PolygonlE16is_anticlockwiseB4_
FN:89,_RNvMNtCsfTKb2dQLRng_7physdes7polygonINtB2_7PolygonlE23from_origin_and_vectorsB4_
FN:77,_RNvMNtCsfTKb2dQLRng_7physdes7polygonINtB2_7PolygonlE3newB4_
FN:174,_RNvMNtCsfTKb2dQLRng_7physdes7polygonINtB2_7PolygonlE8verticesB4_
FN:435,_RNvMNtCsfTKb2dQLRng_7physdes7polygonINtB2_7PolygonlE9is_convexB4_
FN:706,_RNvXs_NtCsfTKb2dQLRng_7physdes7polygonINtB4_7PolygonlENtNtCs4TwWhthMkYr_4core3cmp9PartialEq2eqB6_
FN:731,_RNvNtNtCsfTKb2dQLRng_7physdes7polygon5testss_12test_polygon
FN:854,_RNvNtNtCsfTKb2dQLRng_7physdes7polygon5testss_14test_is_convex
FN:799,_RNvNtNtCsfTKb2dQLRng_7physdes7polygon5testss_18test_xmono_polygon
FN:765,_RNvNtNtCsfTKb2dQLRng_7physdes7polygon5testss_18test_ymono_polygon
FN:961,_RNvNtNtCsfTKb2dQLRng_7physdes7polygon5testss_19test_is_convex_more
FN:833,_RNvNtNtCsfTKb2dQLRng_7physdes7polygon5testss_19test_is_rectilinear
FN:884,_RNvNtNtCsfTKb2dQLRng_7physdes7polygon5testss_21test_is_anticlockwise
FN:905,_RNvNtNtCsfTKb2dQLRng_7physdes7polygon5testss_24test_is_convex_clockwise
FN:982,_RNvNtNtCsfTKb2dQLRng_7physdes7polygon5testss_26test_point_in_polygon_more
FN:926,_RNvNtNtCsfTKb2dQLRng_7physdes7polygon5testss_37test_point_in_polygon_missed_branches
FN:953,_RNvNtNtCsfTKb2dQLRng_7physdes7polygon5testss_40test_is_anticlockwise_less_than_3_points
FN:945,_RNvNtNtCsfTKb2dQLRng_7physdes7polygon5testss_48test_polygon_is_anticlockwise_less_than_3_points
FN:859,_RNCNvNtNtCsfTKb2dQLRng_7physdes7polygon5testss_14test_is_convex0B7_
[...]
FNDA:1,_RNvNtCsfTKb2dQLRng_7physdes7vector2s_12test_neg_ref
FNDA:1,_RNvNtCsfTKb2dQLRng_7physdes7vector2s_19test_neg_edge_cases
FNDA:1,_RNvNtCsfTKb2dQLRng_7physdes7vector2s_22test_mul_integer_types
FNDA:1,_RNvNtCsfTKb2dQLRng_7physdes7vector2s_23test_ref_add_assign_ref
FNDA:1,_RNvNtCsfTKb2dQLRng_7physdes7vector2s_23test_ref_div_assign_ref
FNDA:1,_RNvNtCsfTKb2dQLRng_7physdes7vector2s_23test_ref_mul_assign_ref
FNDA:1,_RNvNtCsfTKb2dQLRng_7physdes7vector2s_23test_ref_sub_assign_ref
FNDA:1,_RNvNtCsfTKb2dQLRng_7physdes7vector2s_23test_scalar_mul_i32_ref
FNDA:2,_RNvXsv_NtCsfTKb2dQLRng_7physdes7vector2dINtNtNtCs4TwWhthMkYr_4core3ops5arith3MulINtB5_7Vector2ddEE3mulB7_
FNDA:1,_RNvNtNtCsfTKb2dQLRng_7physdes7vector24tests_10test_cross
FNDA:1,_RNvNtNtCsfTKb2dQLRng_7physdes7vector24tests_11test_consts
FNDA:1,_RNvNtNtCsfTKb2dQLRng_7physdes7vector24tests_12test_is_zero
FNDA:1,_RNvNtNtCsfTKb2dQLRng_7physdes7vector24tests_12test_l1_norm
FNDA:1,_RNvNtNtCsfTKb2dQLRng_7physdes7vector24tests_13test_add_more
FNDA:1,_RNvNtNtCsfTKb2dQLRng_7physdes7vector24tests_13test_mul_more
FNDA:1,_RNvNtNtCsfTKb2dQLRng_7physdes7vector24tests_13test_norm_inf
FNDA:1,_RNvNtNtCsfTKb2dQLRng_7physdes7vector24tests_13test_set_zero
FNDA:1,_RNvNtNtCsfTKb2dQLRng_7physdes7vector24tests_13test_sub_more
FNDA:1,_RNvNtNtCsfTKb2dQLRng_7physdes7vector24tests_14test_consts_vv
FNDA:1,_RNvNtNtCsfTKb2dQLRng_7physdes7vector24tests_15test_add_assign
FNDA:1,_RNvNtNtCsfTKb2dQLRng_7physdes7vector24tests_15test_div_assign
FNDA:1,_RNvNtNtCsfTKb2dQLRng_7physdes7vector24tests_15test_mul_assign
FNDA:1,_RNvNtNtCsfTKb2dQLRng_7physdes7vector24tests_15test_sub_assign
FNDA:1,_RNvNtNtCsfTKb2dQLRng_7physdes7vector24tests_18test_scale_unscale
FNDA:1,_RNvNtNtCsfTKb2dQLRng_7physdes7vector24tests_19test_dot_more_cases
FNDA:1,_RNvNtNtCsfTKb2dQLRng_7physdes7vector24tests_21test_cross_more_cases
FNDA:1,_RNvNtNtCsfTKb2dQLRng_7physdes7vector24tests_22test_scalar_arithmetic
FNDA:1,_RNvNtNtCsfTKb2dQLRng_7physdes7vector24tests_23test_l1_norm_more_cases
FNDA:1,_RNvNtNtCsfTKb2dQLRng_7physdes7vector24tests_24test_norm_inf_more_cases
FNDA:1,_RNvNtNtCsfTKb2dQLRng_7physdes7vector24tests_26test_scalar_arithmetic_ref
FNDA:1,_RNvNtNtCsfTKb2dQLRng_7physdes7vector24tests_33test_scalar_arithmetic_more_cases
FNDA:1,_RNvNtNtCsfTKb2dQLRng_7physdes7vector24tests_8test_dot
FNDA:1,_RNvNtNtCsfTKb2dQLRng_7physdes7vector24tests_8test_neg
FNDA:1,_RNvNtNtCsfTKb2dQLRng_7physdes7vector24tests_8test_rem
FNDA:1,_RNvNtNtCsfTKb2dQLRng_7physdes7vector24tests_9test_hash
FNDA:1,_RNvNtNtCsfTKb2dQLRng_7physdes7vector24tests_9test_zero
FNDA:5,_RNvNvNtNtCsfTKb2dQLRng_7physdes7vector24tests_11test_consts4test
FNDA:13,_RNvNvNtNtCsfTKb2dQLRng_7physdes7vector24tests_14test_consts_vv4test
FNDA:6,_RINvNtNtCsfTKb2dQLRng_7physdes7vector24test4hashINtB4_7Vector2llEEB6_
FNDA:0,_RNvXININtCsfTKb2dQLRng_7physdes7vector2sw_0pEINtB5_7Vector2ppEINtNtNtCs4TwWhthMkYr_4core3ops5arith3MulRpE3mulB7_
FNDA:0,_RNvXININtCsfTKb2dQLRng_7physdes7vector2sx_0pERINtB5_7Vector2ppEINtNtNtCs4TwWhthMkYr_4core3ops5arith3MulpE3mulB7_
FNDA:0,_RNvXININtCsfTKb2dQLRng_7physdes7vector2sy_0pERINtB5_7Vector2ppEINtNtNtCs4TwWhthMkYr_4core3ops5arith3MulRpE3mulB7_
FNDA:0,_RNvXs10_NtCsfTKb2dQLRng_7physdes7vector2lINtNtNtCs4TwWhthMkYr_4core3ops5arith3MulRINtB6_7Vector2llEE3mulB8_
FNDA:0,_RNvXs11_NtCsfTKb2dQLRng_7physdes7vector2RlINtNtNtCs4TwWhthMkYr_4core3ops5arith3MulINtB6_7Vector2llEE3mulB8_
FNDA:0,_RNvXs12_NtCsfTKb2dQLRng_7physdes7vector2RlINtNtNtCs4TwWhthMkYr_4core3ops5arith3MulRINtB6_7Vector2llEE3mulB8_
FNDA:0,_RNvXs13_NtCsfTKb2dQLRng_7physdes7vector2xINtNtNtCs4TwWhthMkYr_4core3ops5arith3MulRINtB6_7Vector2xxEE3mulB8_
FNDA:0,_RNvXs14_NtCsfTKb2dQLRng_7physdes7vector2RxINtNtNtCs4TwWhthMkYr_4core3ops5arith3MulINtB6_7Vector2xxEE3mulB8_
FNDA:0,_RNvXs15_NtCsfTKb2dQLRng_7physdes7vector2RxINtNtNtCs4TwWhthMkYr_4core3ops5arith3MulRINtB6_7Vector2xxEE3mulB8_
FNDA:0,_RNvXs16_NtCsfTKb2dQLRng_7physdes7vector2nINtNtNtCs4TwWhthMkYr_4core3ops5arith3MulRINtB6_7Vector2nnEE3mulB8_
FNDA:0,_RNvXs17_NtCsfTKb2dQLRng_7physdes7vector2RnINtNtNtCs4TwWhthMkYr_4core3ops5arith3MulINtB6_7Vector2nnEE3mulB8_
FNDA:0,_RNvXs18_NtCsfTKb2dQLRng_7physdes7vector2RnINtNtNtCs4TwWhthMkYr_4core3ops5arith3MulRINtB6_7Vector2nnEE3mulB8_
FNDA:0,_RNvXs19_NtCsfTKb2dQLRng_7physdes7vector2fINtNtNtCs4TwWhthMkYr_4core3ops5arith3MulRINtB6_7Vector2ffEE3mulB8_
FNDA:0,_RNvXs1a_NtCsfTKb2dQLRng_7physdes7vector2RfINtNtNtCs4TwWhthMkYr_4core3ops5arith3MulINtB6_7Vector2ffEE3mulB8_
FNDA:0,_RNvXs1b_NtCsfTKb2dQLRng_7physdes7vector2RfINtNtNtCs4TwWhthMkYr_4core3ops5arith3MulRINtB6_7Vector2ffEE3mulB8_
FNDA:0,_RNvXs1c_NtCsfTKb2dQLRng_7physdes7vector2dINtNtNtCs4TwWhthMkYr_4core3ops5arith3MulRINtB6_7Vector2ddEE3mulB8_
FNDA:0,_RNvXs1d_NtCsfTKb2dQLRng_7physdes7vector2RdINtNtNtCs4TwWhthMkYr_4core3ops5arith3MulINtB6_7Vector2ddEE3mulB8_
FNDA:0,_RNvXs1e_NtCsfTKb2dQLRng_7physdes7vector2RdINtNtNtCs4TwWhthMkYr_4core3ops5arith3MulRINtB6_7Vector2ddEE3mulB8_
FNDA:0,_RNvXsA_NtCsfTKb2dQLRng_7physdes7vector2RjINtNtNtCs4TwWhthMkYr_4core3ops5arith3MulINtB5_7Vector2jjEE3mulB7_
FNDA:0,_RNvXsB_NtCsfTKb2dQLRng_7physdes7vector2RjINtNtNtCs4TwWhthMkYr_4core3ops5arith3MulRINtB5_7Vector2jjEE3mulB7_
FNDA:0,_RNvXsC_NtCsfTKb2dQLRng_7physdes7vector2hINtNtNtCs4TwWhthMkYr_4core3ops5arith3MulRINtB5_7Vector2hhEE3mulB7_
FNDA:0,_RNvXsD_NtCsfTKb2dQLRng_7physdes7vector2RhINtNtNtCs4TwWhthMkYr_4core3ops5arith3MulINtB5_7Vector2hhEE3mulB7_
FNDA:0,_RNvXsE_NtCsfTKb2dQLRng_7physdes7vector2RhINtNtNtCs4TwWhthMkYr_4core3ops5arith3MulRINtB5_7Vector2hhEE3mulB7_
FNDA:0,_RNvXsF_NtCsfTKb2dQLRng_7physdes7vector2tINtNtNtCs4TwWhthMkYr_4core3ops5arith3MulRINtB5_7Vector2ttEE3mulB7_
FNDA:0,_RNvXsG_NtCsfTKb2dQLRng_7physdes7vector2RtINtNtNtCs4TwWhthMkYr_4core3ops5arith3MulINtB5_7Vector2ttEE3mulB7_
FNDA:0,_RNvXsH_NtCsfTKb2dQLRng_7physdes7vector2RtINtNtNtCs4TwWhthMkYr_4core3ops5arith3MulRINtB5_7Vector2ttEE3mulB7_
FNDA:0,_RNvXsI_NtCsfTKb2dQLRng_7physdes7vector2mINtNtNtCs4TwWhthMkYr_4core3ops5arith3MulRINtB5_7Vector2mmEE3mulB7_
FNDA:0,_RNvXsJ_NtCsfTKb2dQLRng_7physdes7vector2RmINtNtNtCs4TwWhthMkYr_4core3ops5arith3MulINtB5_7Vector2mmEE3mulB7_
FNDA:0,_RNvXsK_NtCsfTKb2dQLRng_7physdes7vector2RmINtNtNtCs4TwWhthMkYr_4core3ops5arith3MulRINtB5_7Vector2mmEE3mulB7_
FNDA:0,_RNvXsL_NtCsfTKb2dQLRng_7physdes7vector2yINtNtNtCs4TwWhthMkYr_4core3ops5arith3MulRINtB5_7Vector2yyEE3mulB7_
FNDA:0,_RNvXsM_NtCsfTKb2dQLRng_7physdes7vector2RyINtNtNtCs4TwWhthMkYr_4core3ops5arith3MulINtB5_7Vector2yyEE3mulB7_
FNDA:0,_RNvXsN_NtCsfTKb2dQLRng_7physdes7vector2RyINtNtNtCs4TwWhthMkYr_4core3ops5arith3MulRINtB5_7Vector2yyEE3mulB7_
FNDA:0,_RNvXsO_NtCsfTKb2dQLRng_7physdes7vector2oINtNtNtCs4TwWhthMkYr_4core3ops5arith3MulRINtB5_7Vector2ooEE3mulB7_
FNDA:0,_RNvXsP_NtCsfTKb2dQLRng_7physdes7vector2RoINtNtNtCs4TwWhthMkYr_4core3ops5arith3MulINtB5_7Vector2ooEE3mulB7_
FNDA:0,_RNvXsQ_NtCsfTKb2dQLRng_7physdes7vector2RoINtNtNtCs4TwWhthMkYr_4core3ops5arith3MulRINtB5_7Vector2ooEE3mulB7_
FNDA:0,_RNvXsR_NtCsfTKb2dQLRng_7physdes7vector2iINtNtNtCs4TwWhthMkYr_4core3ops5arith3MulRINtB5_7Vector2iiEE3mulB7_
FNDA:0,_RNvXsS_NtCsfTKb2dQLRng_7physdes7vector2RiINtNtNtCs4TwWhthMkYr_4core3ops5arith3MulINtB5_7Vector2iiEE3mulB7_
FNDA:0,_RNvXsT_NtCsfTKb2dQLRng_7physdes7vector2RiINtNtNtCs4TwWhthMkYr_4core3ops5arith3MulRINtB5_7Vector2iiEE3mulB7_
FNDA:0,_RNvXsU_NtCsfTKb2dQLRng_7physdes7vector2aINtNtNtCs4TwWhthMkYr_4core3ops5arith3MulRINtB5_7Vector2aaEE3mulB7_
FNDA:0,_RNvXsV_NtCsfTKb2dQLRng_7physdes7vector2RaINtNtNtCs4TwWhthMkYr_4core3ops5arith3MulINtB5_7Vector2aaEE3mulB7_
FNDA:0,_RNvXsW_NtCsfTKb2dQLRng_7physdes7vector2RaINtNtNtCs4TwWhthMkYr_4core3ops5arith3MulRINtB5_7Vector2aaEE3mulB7_
FNDA:0,_RNvXsX_NtCsfTKb2dQLRng_7physdes7vector2sINtNtNtCs4TwWhthMkYr_4core3ops5arith3MulRINtB5_7Vector2ssEE3mulB7_
FNDA:0,_RNvXsY_NtCsfTKb2dQLRng_7physdes7vector2RsINtNtNtCs4TwWhthMkYr_4core3ops5arith3MulINtB5_7Vector2ssEE3mulB7_
FNDA:0,_RNvXsZ_NtCsfTKb2dQLRng_7physdes7vector2RsINtNtNtCs4TwWhthMkYr_4core3ops5arith3MulRINtB5_7Vector2ssEE3mulB7_
FNDA:0,_RNvXsi_NtCsfTKb2dQLRng_7physdes7vector2jINtNtNtCs4TwWhthMkYr_4core3ops5arith3MulINtB5_7Vector2jjEE3mulB7_
FNDA:0,_RNvXsj_NtCsfTKb2dQLRng_7physdes7vector2hINtNtNtCs4TwWhthMkYr_4core3ops5arith3MulINtB5_7Vector2hhEE3mulB7_
FNDA:0,_RNvXsk_NtCsfTKb2dQLRng_7physdes7vector2tINtNtNtCs4TwWhthMkYr_4core3ops5arith3MulINtB5_7Vector2ttEE3mulB7_
FNDA:0,_RNvXsl_NtCsfTKb2dQLRng_7physdes7vector2mINtNtNtCs4TwWhthMkYr_4core3ops5arith3MulINtB5_7Vector2mmEE3mulB7_
FNDA:0,_RNvXsm_NtCsfTKb2dQLRng_7physdes7vector2yINtNtNtCs4TwWhthMkYr_4core3ops5arith3MulINtB5_7Vector2yyEE3mulB7_
FNDA:0,_RNvXsn_NtCsfTKb2dQLRng_7physdes7vector2oINtNtNtCs4TwWhthMkYr_4core3ops5arith3MulINtB5_7Vector2ooEE3mulB7_
FNDA:0,_RNvXso_NtCsfTKb2dQLRng_7physdes7vector2iINtNtNtCs4TwWhthMkYr_4core3ops5arith3MulINtB5_7Vector2iiEE3mulB7_
FNDA:0,_RNvXsp_NtCsfTKb2dQLRng_7physdes7vector2aINtNtNtCs4TwWhthMkYr_4core3ops5arith3MulINtB5_7Vector2aaEE3mulB7_
FNDA:0,_RNvXsq_NtCsfTKb2dQLRng_7physdes7vector2sINtNtNtCs4TwWhthMkYr_4core3ops5arith3MulINtB5_7Vector2ssEE3mulB7_
FNDA:0,_RNvXsr_NtCsfTKb2dQLRng_7physdes7vector2lINtNtNtCs4TwWhthMkYr_4core3ops5arith3MulINtB5_7Vector2llEE3mulB7_
FNDA:0,_RNvXss_NtCsfTKb2dQLRng_7physdes7vector2xINtNtNtCs4TwWhthMkYr_4core3ops5arith3MulINtB5_7Vector2xxEE3mulB7_
FNDA:0,_RNvXst_NtCsfTKb2dQLRng_7physdes7vector2nINtNtNtCs4TwWhthMkYr_4core3ops5arith3MulINtB5_7Vector2nnEE3mulB7_
FNDA:0,_RNvXsu_NtCsfTKb2dQLRng_7physdes7vector2fINtNtNtCs4TwWhthMkYr_4core3ops5arith3MulINtB5_7Vector2ffEE3mulB7_
FNDA:0,_RNvXsz_NtCsfTKb2dQLRng_7physdes7vector2jINtNtNtCs4TwWhthMkYr_4core3ops5arith3MulRINtB5_7Vector2jjEE3mulB7_
FNF:68
FNH:62
DA:69,816
DA:70,816
DA:71,816
DA:95,6
DA:96,6
DA:97,6
DA:115,67
DA:116,67
DA:117,67
DA:145,6
DA:146,6
DA:147,6
DA:171,6
DA:172,6
DA:173,6
DA:195,9
DA:196,9
DA:197,9
DA:217,9
DA:218,9
DA:219,2
DA:221,7
DA:223,9
DA:247,1
DA:248,1
DA:249,1
DA:273,10
DA:274,10
DA:275,10
DA:309,2
DA:310,2
DA:311,2
DA:312,2
DA:335,2
DA:336,2
DA:337,2
DA:338,2
DA:359,2
DA:360,2
DA:361,2
DA:362,2
DA:383,2
DA:384,2
DA:385,2
DA:386,2
DA:395,2
DA:396,2
DA:397,2
DA:406,2
DA:407,2
DA:408,2
DA:437,6
DA:438,6
DA:439,6
DA:448,1
DA:449,1
DA:450,1
DA:459,0
DA:460,0
DA:461,0
DA:467,0
DA:468,0
DA:469,0
DA:475,0
DA:476,0
DA:477,0
DA:484,0
DA:485,0
DA:486,0
DA:492,0
DA:493,0
DA:494,0
DA:500,0
DA:501,0
DA:502,0
DA:516,2
DA:517,2
DA:518,2
DA:529,10
DA:530,10
DA:531,10
DA:538,1
DA:539,1
DA:540,1
DA:547,2
DA:548,2
DA:549,2
DA:557,3
DA:558,3
DA:559,3
DA:562,3
DA:563,3
DA:564,3
DA:567,1
DA:568,1
DA:569,1
DA:570,1
DA:582,6
DA:585,6
DA:586,6
DA:587,6
DA:588,6
DA:679,1
DA:681,5
DA:682,5
DA:683,5
DA:684,1
DA:685,1
DA:686,1
DA:687,1
DA:688,1
DA:689,1
DA:690,1
DA:693,1
DA:694,1
DA:695,1
DA:696,5
DA:697,5
DA:699,1
DA:702,1
DA:703,1
DA:704,1
DA:705,1
DA:706,1
DA:707,1
DA:708,1
DA:709,1
DA:712,1
DA:713,1
DA:714,1
DA:717,1
DA:718,1
DA:719,1
DA:720,1
DA:723,1
DA:724,1
DA:725,1
DA:726,1
DA:727,1
DA:730,1
DA:731,1
DA:732,1
DA:735,1
DA:736,1
DA:737,1
DA:738,1
DA:739,1
DA:740,1
DA:743,1
DA:744,1
DA:745,1
DA:746,1
DA:749,1
DA:750,1
DA:751,1
DA:752,1
DA:753,1
DA:756,1
DA:757,1
DA:758,1
DA:759,1
DA:760,1
DA:774,1
DA:775,1
DA:776,1
DA:777,1
DA:778,1
DA:779,1
DA:780,1
DA:781,1
DA:782,1
DA:785,1
DA:786,1
DA:787,1
DA:788,1
DA:789,1
DA:790,1
DA:791,1
DA:792,1
DA:793,1
DA:796,1
DA:797,1
DA:798,1
DA:799,1
DA:800,1
DA:803,1
DA:804,1
DA:805,1
DA:806,1
DA:807,1
DA:810,1
DA:811,1
DA:812,1
DA:813,1
DA:814,1
DA:817,1
DA:818,1
DA:819,1
DA:820,1
DA:821,1
DA:824,1
DA:825,1
DA:826,1
DA:829,1
DA:830,1
DA:831,1
DA:832,1
DA:835,1
DA:836,1
DA:837,1
DA:840,1
DA:841,1
DA:842,1
DA:845,1
DA:846,1
DA:847,1
DA:848,1
DA:849,1
DA:852,1
DA:853,1
DA:854,1
DA:855,1
DA:856,1
DA:859,1
DA:860,1
DA:861,1
DA:862,1
DA:865,1
DA:866,1
DA:867,1
DA:868,1
DA:871,1
DA:872,1
DA:873,1
DA:874,1
DA:875,1
DA:876,1
DA:879,1
DA:881,13
DA:882,13
DA:883,13
DA:884,13
DA:885,13
DA:886,13
DA:887,13
DA:888,13
DA:890,13
DA:892,13
DA:894,1
DA:895,1
DA:896,1
DA:897,1
DA:898,1
DA:899,1
DA:900,1
DA:901,1
DA:902,1
DA:903,1
DA:904,1
DA:905,1
DA:906,1
DA:907,1
DA:920,1
DA:921,1
DA:922,1
DA:923,1
DA:924,1
DA:927,1
DA:928,1
DA:929,1
DA:930,1
DA:931,1
DA:932,1
DA:935,1
DA:936,1
DA:937,1
DA:938,1
DA:939,1
DA:940,1
DA:943,1
DA:944,1
DA:945,1
DA:946,1
DA:947,1
DA:948,1
DA:951,1
DA:952,1
DA:953,1
DA:954,1
DA:955,1
DA:956,1
DA:959,1
DA:960,1
DA:961,1
DA:963,1
DA:964,1
DA:965,1
DA:968,1
DA:969,1
DA:970,1
DA:972,1
DA:973,1
DA:974,1
DA:977,1
DA:978,1
DA:979,1
DA:980,1
DA:981,1
BRF:0
BRH:0
LF:308
LH:290
end_of_record
SF:D:\github\rs\physdes-rs\src\vlsi_ops.rs
FN:499,_RNvNtNtCsfTKb2dQLRng_7physdes8vlsi_ops5testss_15test_to_polygon
FN:448,_RNvNtNtCsfTKb2dQLRng_7physdes8vlsi_ops5testss_15test_total_area
FN:436,_RNvNtNtCsfTKb2dQLRng_7physdes8vlsi_ops5testss_18test_bounding_rect
FN:426,_RNvNtNtCsfTKb2dQLRng_7physdes8vlsi_ops5testss_18test_check_spacing
FN:410,_RNvNtNtCsfTKb2dQLRng_7physdes8vlsi_ops5testss_19test_rectangle_area
FN:459,_RNvNtNtCsfTKb2dQLRng_7physdes8vlsi_ops5testss_20test_from_dimensions
FN:514,_RNvNtNtCsfTKb2dQLRng_7physdes8vlsi_ops5testss_21test_total_area_empty
FN:400,_RNvNtNtCsfTKb2dQLRng_7physdes8vlsi_ops5testss_22test_rectangle_overlap
FN:416,_RNvNtNtCsfTKb2dQLRng_7physdes8vlsi_ops5testss_23test_manhattan_distance
FN:467,_RNvNtNtCsfTKb2dQLRng_7physdes8vlsi_ops5testss_23test_rectangle_contains
FN:393,_RNvNtNtCsfTKb2dQLRng_7physdes8vlsi_ops5testss_23test_rectangle_creation
FN:508,_RNvNtNtCsfTKb2dQLRng_7physdes8vlsi_ops5testss_24test_bounding_rect_empty
FN:489,_RNvNtNtCsfTKb2dQLRng_7physdes8vlsi_ops5testss_25test_bounding_rect_method
FN:536,_RNvNtNtCsfTKb2dQLRng_7physdes8vlsi_ops5testss_27test_check_spacing_vertical
FN:528,_RNvNtNtCsfTKb2dQLRng_7physdes8vlsi_ops5testss_28test_manhattan_distance_same
FN:477,_RNvNtNtCsfTKb2dQLRng_7physdes8vlsi_ops5testss_29test_rectangle_contains_point
FN:547,_RNvNtNtCsfTKb2dQLRng_7physdes8vlsi_ops5testss_30test_check_spacing_overlapping
FN:520,_RNvNtNtCsfTKb2dQLRng_7physdes8vlsi_ops5testss_31test_manhattan_distance_reverse
FN:369,_RNvNtCsfTKb2dQLRng_7physdes8vlsi_ops10total_area
FN:327,_RINvNtCsfTKb2dQLRng_7physdes8vlsi_ops13bounding_rectlEB4_
FN:278,_RINvNtCsfTKb2dQLRng_7physdes8vlsi_ops13check_spacinglEB4_
FN:238,_RINvNtCsfTKb2dQLRng_7physdes8vlsi_ops18manhattan_distancelEB4_
FN:130,_RNvMNtCsfTKb2dQLRng_7physdes8vlsi_opsINtB2_9RectanglelE10to_polygonB4_
FN:116,_RNvMNtCsfTKb2dQLRng_7physdes8vlsi_opsINtB2_9RectanglelE13bounding_rectB4_
FN:75,_RNvMNtCsfTKb2dQLRng_7physdes8vlsi_opsINtB2_9RectanglelE14contains_pointB4_
FN:38,_RNvMNtCsfTKb2dQLRng_7physdes8vlsi_opsINtB2_9RectanglelE15from_dimensionsB4_
FN:32,_RNvMNtCsfTKb2dQLRng_7physdes8vlsi_opsINtB2_9RectanglelE3newB4_
FN:106,_RNvMNtCsfTKb2dQLRng_7physdes8vlsi_opsINtB2_9RectanglelE4areaB4_
FN:67,_RNvMNtCsfTKb2dQLRng_7physdes8vlsi_opsINtB2_9RectanglelE8containsB4_
FN:59,_RNvMNtCsfTKb2dQLRng_7physdes8vlsi_opsINtB2_9RectanglelE8overlapsB4_
FN:85,_RNvMNtCsfTKb2dQLRng_7physdes8vlsi_opsINtB2_9RectanglelE9intersectB4_
FN:173,_RINvNtCsfTKb2dQLRng_7physdes8vlsi_ops14detect_overlappEB4_
FN:188,_RNCINvNtCsfTKb2dQLRng_7physdes8vlsi_ops14detect_overlappE0B6_
FNDA:1,_RNvNtNtCsfTKb2dQLRng_7physdes8vlsi_ops5testss_15test_to_polygon
FNDA:1,_RNvNtNtCsfTKb2dQLRng_7physdes8vlsi_ops5testss_15test_total_area
FNDA:1,_RNvNtNtCsfTKb2dQLRng_7physdes8vlsi_ops5testss_18test_bounding_rect
FNDA:1,_RNvNtNtCsfTKb2dQLRng_7physdes8vlsi_ops5testss_18test_check_spacing
FNDA:1,_RNvNtNtCsfTKb2dQLRng_7physdes8vlsi_ops5testss_19test_rectangle_area
FNDA:1,_RNvNtNtCsfTKb2dQLRng_7physdes8vlsi_ops5testss_20test_from_dimensions
FNDA:1,_RNvNtNtCsfTKb2dQLRng_7physdes8vlsi_ops5testss_21test_total_area_empty
FNDA:1,_RNvNtNtCsfTKb2dQLRng_7physdes8vlsi_ops5testss_22test_rectangle_overlap
FNDA:1,_RNvNtNtCsfTKb2dQLRng_7physdes8vlsi_ops5testss_23test_manhattan_distance
FNDA:1,_RNvNtNtCsfTKb2dQLRng_7physdes8vlsi_ops5testss_23test_rectangle_contains
FNDA:1,_RNvNtNtCsfTKb2dQLRng_7physdes8vlsi_ops5testss_23test_rectangle_creation
FNDA:1,_RNvNtNtCsfTKb2dQLRng_7physdes8vlsi_ops5testss_24test_bounding_rect_empty
FNDA:1,_RNvNtNtCsfTKb2dQLRng_7physdes8vlsi_ops5testss_25test_bounding_rect_method
FNDA:1,_RNvNtNtCsfTKb2dQLRng_7physdes8vlsi_ops5testss_27test_check_spacing_vertical
FNDA:1,_RNvNtNtCsfTKb2dQLRng_7physdes8vlsi_ops5testss_28test_manhattan_distance_same
FNDA:1,_RNvNtNtCsfTKb2dQLRng_7physdes8vlsi_ops5testss_29test_rectangle_contains_point
FNDA:1,_RNvNtNtCsfTKb2dQLRng_7physdes8vlsi_ops5testss_30test_check_spacing_overlapping
FNDA:1,_RNvNtNtCsfTKb2dQLRng_7physdes8vlsi_ops5testss_31test_manhattan_distance_reverse
FNDA:2,_RNvNtCsfTKb2dQLRng_7physdes8vlsi_ops10total_area
FNDA:2,_RINvNtCsfTKb2dQLRng_7physdes8vlsi_ops13bounding_rectlEB4_
FNDA:5,_RINvNtCsfTKb2dQLRng_7physdes8vlsi_ops13check_spacinglEB4_
FNDA:4,_RINvNtCsfTKb2dQLRng_7physdes8vlsi_ops18manhattan_distancelEB4_
FNDA:1,_RNvMNtCsfTKb2dQLRng_7physdes8vlsi_opsINtB2_9RectanglelE10to_polygonB4_
FNDA:1,_RNvMNtCsfTKb2dQLRng_7physdes8vlsi_opsINtB2_9RectanglelE13bounding_rectB4_
FNDA:3,_RNvMNtCsfTKb2dQLRng_7physdes8vlsi_opsINtB2_9RectanglelE14contains_pointB4_
FNDA:1,_RNvMNtCsfTKb2dQLRng_7physdes8vlsi_opsINtB2_9RectanglelE15from_dimensionsB4_
FNDA:28,_RNvMNtCsfTKb2dQLRng_7physdes8vlsi_opsINtB2_9RectanglelE3newB4_
FNDA:4,_RNvMNtCsfTKb2dQLRng_7physdes8vlsi_opsINtB2_9RectanglelE4areaB4_
FNDA:2,_RNvMNtCsfTKb2dQLRng_7physdes8vlsi_opsINtB2_9RectanglelE8containsB4_
FNDA:8,_RNvMNtCsfTKb2dQLRng_7physdes8vlsi_opsINtB2_9RectanglelE8overlapsB4_
FNDA:1,_RNvMNtCsfTKb2dQLRng_7physdes8vlsi_opsINtB2_9RectanglelE9intersectB4_
FNDA:0,_RINvNtCsfTKb2dQLRng_7physdes8vlsi_ops14detect_overlappEB4_
FNDA:0,_RNCINvNtCsfTKb2dQLRng_7physdes8vlsi_ops14detect_overlappE0B6_
FNF:33
FNH:31
DA:32,28
DA:33,28
DA:34,28
DA:35,28
DA:38,1
DA:39,1
DA:40,1
DA:41,1
DA:43,1
DA:59,8
DA:60,8
DA:61,8
DA:62,6
DA:63,6
DA:64,8
DA:67,2
DA:68,2
DA:69,1
DA:70,1
DA:71,1
DA:72,2
DA:75,3
DA:76,3
DA:77,3
DA:78,2
DA:79,2
DA:80,3
DA:85,1
DA:86,1
DA:87,1
DA:89,1
DA:90,0
DA:91,1
DA:93,1
DA:94,1
DA:95,1
DA:96,1
DA:97,1
DA:98,1
DA:99,1
DA:100,1
DA:101,1
DA:102,1
DA:103,1
DA:106,4
DA:107,4
DA:108,4
DA:110,4
DA:111,4
DA:112,4
DA:113,4
DA:116,1
DA:117,1
DA:118,1
DA:119,1
DA:120,1
DA:122,1
DA:123,1
DA:124,1
DA:127,1
DA:130,1
DA:131,1
DA:132,1
DA:134,1
DA:135,1
DA:136,1
DA:137,1
DA:138,1
DA:139,1
DA:140,1
DA:173,0
DA:174,0
DA:175,0
DA:177,0
DA:178,0
DA:179,0
DA:182,0
DA:183,0
DA:184,0
DA:185,0
DA:186,0
DA:188,0
DA:191,0
DA:193,0
DA:194,0
DA:196,0
DA:198,0
DA:199,0
DA:200,0
DA:201,0
DA:203,0
DA:206,0
DA:207,0
DA:208,0
DA:209,0
DA:210,0
DA:215,0
DA:216,0
DA:238,4
DA:239,4
DA:240,4
DA:242,4
DA:243,1
DA:245,3
DA:247,4
DA:248,1
DA:250,3
DA:252,4
DA:253,4
DA:278,5
DA:279,5
DA:280,5
DA:282,5
DA:283,3
DA:284,2
DA:287,2
DA:288,1
DA:289,1
DA:290,0
DA:292,1
DA:296,2
DA:297,1
DA:298,1
DA:299,0
DA:301,1
DA:304,2
DA:305,5
DA:327,2
DA:328,2
DA:329,2
DA:331,2
DA:332,1
DA:333,1
DA:335,1
DA:336,1
DA:337,1
DA:338,1
DA:340,1
DA:341,1
DA:342,1
DA:343,1
DA:344,1
DA:345,1
DA:347,1
DA:348,1
DA:349,1
DA:350,1
DA:351,2
DA:369,2
DA:370,2
DA:371,1
DA:372,1
DA:374,1
DA:375,2
DA:376,2
DA:378,2
DA:379,1
DA:380,1
DA:381,1
DA:385,1
DA:386,2
DA:393,1
DA:394,1
DA:395,1
DA:396,1
DA:397,1
DA:400,1
DA:401,1
DA:402,1
DA:403,1
DA:405,1
DA:406,1
DA:407,1
DA:410,1
DA:411,1
DA:412,1
DA:413,1
DA:416,1
DA:417,1
DA:418,1
DA:419,1
DA:421,1
DA:422,1
DA:423,1
DA:426,1
DA:427,1
DA:428,1
DA:429,1
DA:431,1
DA:432,1
DA:433,1
DA:436,1
DA:437,1
DA:438,1
DA:439,1
DA:442,1
DA:443,1
DA:444,1
DA:445,1
DA:448,1
DA:449,1
DA:450,1
DA:451,1
DA:454,1
DA:455,1
DA:456,1
DA:459,1
DA:460,1
DA:461,1
DA:462,1
DA:463,1
DA:464,1
DA:467,1
DA:468,1
DA:469,1
DA:470,1
DA:472,1
DA:473,1
DA:474,1
DA:477,1
DA:478,1
DA:479,1
DA:480,1
DA:481,1
DA:483,1
DA:484,1
DA:485,1
DA:486,1
DA:489,1
DA:490,1
DA:491,1
DA:492,1
DA:494,1
DA:495,1
DA:496,1
DA:499,1
DA:500,1
DA:501,1
DA:503,1
DA:504,1
DA:505,1
DA:508,1
DA:509,1
DA:510,1
DA:511,1
DA:514,1
DA:515,1
DA:516,1
DA:517,1
DA:520,1
DA:522,1
DA:523,1
DA:524,1
DA:525,1
DA:528,1
DA:530,1
DA:531,1
DA:532,1
DA:533,1
DA:536,1
DA:538,1
DA:539,1
DA:540,1
DA:542,1
DA:543,1
DA:544,1
DA:547,1
DA:549,1
DA:550,1
DA:551,1
DA:552,1
BRF:0
BRH:0
LF:272
LH:240
end_of_record